2020-02-19 21:18:10 INFO  - com.blg.app.Application [main] - Initializing Application
2020-02-19 21:18:10 INFO  - com.blg.config.ConfigurationManager [main] - Configuration Instance is null, Initializing new one
2020-02-19 21:18:10 WARN  - com.blg.config.ConfigurationManager [main] - Environment Variable propertiesFile is not defined
2020-02-19 21:18:10 INFO  - com.blg.config.ConfigurationManager [main] - Configuration File :  config.properties
2020-02-19 21:18:10 INFO  - com.blg.config.ConfigurationManager [main] - Locating : config.properties
2020-02-19 21:18:10 DEBUG - com.blg.config.ConfigurationManager [main] - Configuration File :  config.properties exist
2020-02-19 21:18:10 INFO  - com.blg.config.ConfigurationManager [main] - Get Application ID using key :  ApplicationID 
2020-02-19 21:18:10 INFO  - com.blg.config.ConfigurationManager [main] - Get DB User using key :  DBUser 
2020-02-19 21:18:10 INFO  - com.blg.config.ConfigurationManager [main] - Get DB Password using key :  DBPassword 
2020-02-19 21:18:10 INFO  - com.blg.config.ConfigurationManager [main] - Get DB URL using key :  DBUrl 
2020-02-19 21:18:10 INFO  - com.blg.config.ConfigurationManager [main] - Get DB Schema using key :  DBSchema 
2020-02-19 21:18:10 DEBUG - com.blg.app.Application [main] - Schema : dbo
2020-02-19 21:18:10 INFO  - com.blg.config.ConfigurationManager [main] - Get DB Dialect using key :  DBDialect 
2020-02-19 21:18:10 INFO  - com.blg.app.Application [main] - DB Dialect : org.hibernate.dialect.SQLServer2012Dialect
2020-02-19 21:18:10 INFO  - com.blg.config.ConfigurationManager [main] - Get DB Driver using key :  DBDriver 
2020-02-19 21:18:10 INFO  - com.blg.app.Application [main] - DB Driver : com.microsoft.sqlserver.jdbc.SQLServerDriver
2020-02-19 21:18:10 INFO  - com.blg.config.ConfigurationManager [main] - Get Archive Directory using key :  ArchiveDirectory 
2020-02-19 21:18:10 INFO  - com.blg.app.Application [main] - Base Archive Directory : C:\temp\exstream\archive
2020-02-19 21:18:10 INFO  - com.blg.app.Application [main] - Actual Archive Directory : C:\temp\exstream\archive\20200219
2020-02-19 21:18:10 INFO  - com.blg.config.ConfigurationManager [main] - Get Error Directory using key :  ErrorDirectory 
2020-02-19 21:18:10 INFO  - com.blg.app.Application [main] - Base Error Directory : C:\temp\exstream\error
2020-02-19 21:18:10 INFO  - com.blg.app.Application [main] - Actual Error Directory : C:\temp\exstream\error\20200219
2020-02-19 21:18:10 INFO  - com.blg.config.ConfigurationManager [main] - Get Export Directory using key :  ExportDirectory 
2020-02-19 21:18:10 INFO  - com.blg.app.Application [main] - Base Export Directory : C:\temp\exstream\export
2020-02-19 21:18:10 INFO  - com.blg.config.ConfigurationManager [main] - Get Threads using key :  Threads 
2020-02-19 21:18:10 INFO  - com.blg.app.Application [main] - Threads : 8
2020-02-19 21:18:10 INFO  - com.blg.config.ConfigurationManager [main] - Get Watch Directory using key :  WatchDirectory 
2020-02-19 21:18:10 INFO  - com.blg.app.Application [main] - Watch Directory : C:\temp\exstream\out
2020-02-19 21:18:10 INFO  - com.blg.config.ConfigurationManager [main] - Get File Extension Filter using key :  FilesToWatch 
2020-02-19 21:18:10 INFO  - com.blg.config.ConfigurationManager [main] - Get lastExportMillis Filter using key :  lastExportKey 
2020-02-19 21:18:10 WARN  - com.blg.app.Application [main] - Last Export Date has not been configured in config file. Key 'lastExportKey' does not map to an existing object!
2020-02-19 21:18:10 INFO  - com.blg.app.Application [main] - FileExtension Filter : .mpw
2020-02-19 21:18:10 INFO  - com.blg.app.Application [main] - Application Initialized
2020-02-19 21:18:10 INFO  - com.blg.app.ExportApplication [main] - Starting Export Application
2020-02-19 21:18:10 DEBUG - com.blg.app.ExportApplication [main] -  Export Iteration Number : 1
2020-02-19 21:27:00 INFO  - com.blg.app.Application [main] - Initializing Application
2020-02-19 21:27:00 INFO  - com.blg.config.ConfigurationManager [main] - Configuration Instance is null, Initializing new one
2020-02-19 21:27:00 WARN  - com.blg.config.ConfigurationManager [main] - Environment Variable propertiesFile is not defined
2020-02-19 21:27:00 INFO  - com.blg.config.ConfigurationManager [main] - Configuration File :  config.properties
2020-02-19 21:27:00 INFO  - com.blg.config.ConfigurationManager [main] - Locating : config.properties
2020-02-19 21:27:00 DEBUG - com.blg.config.ConfigurationManager [main] - Configuration File :  config.properties exist
2020-02-19 21:27:00 INFO  - com.blg.config.ConfigurationManager [main] - Get Application ID using key :  ApplicationID 
2020-02-19 21:27:00 INFO  - com.blg.config.ConfigurationManager [main] - Get DB User using key :  DBUser 
2020-02-19 21:27:00 INFO  - com.blg.config.ConfigurationManager [main] - Get DB Password using key :  DBPassword 
2020-02-19 21:27:00 INFO  - com.blg.config.ConfigurationManager [main] - Get DB URL using key :  DBUrl 
2020-02-19 21:27:00 INFO  - com.blg.config.ConfigurationManager [main] - Get DB Schema using key :  DBSchema 
2020-02-19 21:27:00 DEBUG - com.blg.app.Application [main] - Schema : dbo
2020-02-19 21:27:00 INFO  - com.blg.config.ConfigurationManager [main] - Get DB Dialect using key :  DBDialect 
2020-02-19 21:27:00 INFO  - com.blg.app.Application [main] - DB Dialect : org.hibernate.dialect.SQLServer2012Dialect
2020-02-19 21:27:00 INFO  - com.blg.config.ConfigurationManager [main] - Get DB Driver using key :  DBDriver 
2020-02-19 21:27:00 INFO  - com.blg.app.Application [main] - DB Driver : com.microsoft.sqlserver.jdbc.SQLServerDriver
2020-02-19 21:27:00 INFO  - com.blg.config.ConfigurationManager [main] - Get Archive Directory using key :  ArchiveDirectory 
2020-02-19 21:27:00 INFO  - com.blg.app.Application [main] - Base Archive Directory : C:\temp\exstream\archive
2020-02-19 21:27:00 INFO  - com.blg.app.Application [main] - Actual Archive Directory : C:\temp\exstream\archive\20200219
2020-02-19 21:27:00 INFO  - com.blg.config.ConfigurationManager [main] - Get Error Directory using key :  ErrorDirectory 
2020-02-19 21:27:00 INFO  - com.blg.app.Application [main] - Base Error Directory : C:\temp\exstream\error
2020-02-19 21:27:00 INFO  - com.blg.app.Application [main] - Actual Error Directory : C:\temp\exstream\error\20200219
2020-02-19 21:27:00 INFO  - com.blg.config.ConfigurationManager [main] - Get Export Directory using key :  ExportDirectory 
2020-02-19 21:27:00 INFO  - com.blg.app.Application [main] - Base Export Directory : C:\temp\exstream\export
2020-02-19 21:27:00 INFO  - com.blg.config.ConfigurationManager [main] - Get Threads using key :  Threads 
2020-02-19 21:27:00 INFO  - com.blg.app.Application [main] - Threads : 8
2020-02-19 21:27:00 INFO  - com.blg.config.ConfigurationManager [main] - Get Watch Directory using key :  WatchDirectory 
2020-02-19 21:27:00 INFO  - com.blg.app.Application [main] - Watch Directory : C:\temp\exstream\out
2020-02-19 21:27:00 INFO  - com.blg.config.ConfigurationManager [main] - Get File Extension Filter using key :  FilesToWatch 
2020-02-19 21:27:00 INFO  - com.blg.config.ConfigurationManager [main] - Get lastExportMillis Filter using key :  lastExportKey 
2020-02-19 21:27:00 WARN  - com.blg.app.Application [main] - Last Export Date has not been configured in config file. Key 'lastExportKey' does not map to an existing object!
2020-02-19 21:27:00 INFO  - com.blg.app.Application [main] - FileExtension Filter : .mpw
2020-02-19 21:27:00 INFO  - com.blg.app.Application [main] - Application Initialized
2020-02-19 21:27:00 INFO  - com.blg.app.ExportApplication [main] - Starting Export Application
2020-02-19 21:27:00 DEBUG - com.blg.app.ExportApplication [main] -  Export Iteration Number : 1
2020-02-19 21:27:05 INFO  - com.blg.app.ExportApplication [main] - Number of docs to Export : 0
2020-02-19 21:27:05 INFO  - com.blg.config.ConfigurationManager [main] - Set lastExportMillis Filter using key :  lastExportKey 
2020-02-19 21:27:35 DEBUG - com.blg.app.ExportApplication [main] -  Export Iteration Number : 2
2020-02-19 21:27:35 INFO  - com.blg.app.ExportApplication [main] - Number of docs to Export : 0
2020-02-19 21:27:35 INFO  - com.blg.config.ConfigurationManager [main] - Set lastExportMillis Filter using key :  lastExportKey 
2020-02-19 21:30:28 INFO  - com.blg.app.Application [main] - Initializing Application
2020-02-19 21:30:28 INFO  - com.blg.config.ConfigurationManager [main] - Configuration Instance is null, Initializing new one
2020-02-19 21:30:28 WARN  - com.blg.config.ConfigurationManager [main] - Environment Variable propertiesFile is not defined
2020-02-19 21:30:28 INFO  - com.blg.config.ConfigurationManager [main] - Configuration File :  config.properties
2020-02-19 21:30:28 INFO  - com.blg.config.ConfigurationManager [main] - Locating : config.properties
2020-02-19 21:30:28 DEBUG - com.blg.config.ConfigurationManager [main] - Configuration File :  config.properties exist
2020-02-19 21:30:28 INFO  - com.blg.config.ConfigurationManager [main] - Get Application ID using key :  ApplicationID 
2020-02-19 21:30:28 INFO  - com.blg.config.ConfigurationManager [main] - Get DB User using key :  DBUser 
2020-02-19 21:30:28 INFO  - com.blg.config.ConfigurationManager [main] - Get DB Password using key :  DBPassword 
2020-02-19 21:30:28 INFO  - com.blg.config.ConfigurationManager [main] - Get DB URL using key :  DBUrl 
2020-02-19 21:30:28 INFO  - com.blg.config.ConfigurationManager [main] - Get DB Schema using key :  DBSchema 
2020-02-19 21:30:28 DEBUG - com.blg.app.Application [main] - Schema : dbo
2020-02-19 21:30:28 INFO  - com.blg.config.ConfigurationManager [main] - Get DB Dialect using key :  DBDialect 
2020-02-19 21:30:28 INFO  - com.blg.app.Application [main] - DB Dialect : org.hibernate.dialect.SQLServer2012Dialect
2020-02-19 21:30:28 INFO  - com.blg.config.ConfigurationManager [main] - Get DB Driver using key :  DBDriver 
2020-02-19 21:30:28 INFO  - com.blg.app.Application [main] - DB Driver : com.microsoft.sqlserver.jdbc.SQLServerDriver
2020-02-19 21:30:28 INFO  - com.blg.config.ConfigurationManager [main] - Get Archive Directory using key :  ArchiveDirectory 
2020-02-19 21:30:28 INFO  - com.blg.app.Application [main] - Base Archive Directory : C:\temp\exstream\archive
2020-02-19 21:30:28 INFO  - com.blg.app.Application [main] - Actual Archive Directory : C:\temp\exstream\archive\20200219
2020-02-19 21:30:28 INFO  - com.blg.config.ConfigurationManager [main] - Get Error Directory using key :  ErrorDirectory 
2020-02-19 21:30:28 INFO  - com.blg.app.Application [main] - Base Error Directory : C:\temp\exstream\error
2020-02-19 21:30:28 INFO  - com.blg.app.Application [main] - Actual Error Directory : C:\temp\exstream\error\20200219
2020-02-19 21:30:28 INFO  - com.blg.config.ConfigurationManager [main] - Get Export Directory using key :  ExportDirectory 
2020-02-19 21:30:28 INFO  - com.blg.app.Application [main] - Base Export Directory : C:\temp\exstream\export
2020-02-19 21:30:28 INFO  - com.blg.config.ConfigurationManager [main] - Get Threads using key :  Threads 
2020-02-19 21:30:28 INFO  - com.blg.app.Application [main] - Threads : 8
2020-02-19 21:30:28 INFO  - com.blg.config.ConfigurationManager [main] - Get Watch Directory using key :  WatchDirectory 
2020-02-19 21:30:28 INFO  - com.blg.app.Application [main] - Watch Directory : C:\temp\exstream\out
2020-02-19 21:30:28 INFO  - com.blg.config.ConfigurationManager [main] - Get File Extension Filter using key :  FilesToWatch 
2020-02-19 21:30:28 INFO  - com.blg.config.ConfigurationManager [main] - Get lastExportMillis Filter using key :  lastExportKey 
2020-02-19 21:30:28 INFO  - com.blg.app.Application [main] - FileExtension Filter : .mpw
2020-02-19 21:30:28 INFO  - com.blg.app.Application [main] - Application Initialized
2020-02-19 21:30:28 INFO  - com.blg.app.ExportApplication [main] - Starting Export Application
2020-02-19 21:30:28 DEBUG - com.blg.app.ExportApplication [main] -  Export Iteration Number : 1
2020-02-19 21:30:32 INFO  - com.blg.app.ExportApplication [main] - Number of docs to Export : 0
2020-02-19 21:30:32 INFO  - com.blg.config.ConfigurationManager [main] - Set lastExportMillis Filter using key :  lastExportKey 
2020-02-19 21:31:02 DEBUG - com.blg.app.ExportApplication [main] -  Export Iteration Number : 2
2020-02-19 21:31:02 INFO  - com.blg.app.ExportApplication [main] - Number of docs to Export : 0
2020-02-19 21:31:02 INFO  - com.blg.config.ConfigurationManager [main] - Set lastExportMillis Filter using key :  lastExportKey 
2020-02-19 21:31:32 DEBUG - com.blg.app.ExportApplication [main] -  Export Iteration Number : 3
2020-02-19 21:31:32 INFO  - com.blg.app.ExportApplication [main] - Number of docs to Export : 0
2020-02-19 21:31:32 INFO  - com.blg.config.ConfigurationManager [main] - Set lastExportMillis Filter using key :  lastExportKey 
2020-02-19 21:32:02 DEBUG - com.blg.app.ExportApplication [main] -  Export Iteration Number : 4
2020-02-19 21:32:02 INFO  - com.blg.app.ExportApplication [main] - Number of docs to Export : 0
2020-02-19 21:32:02 INFO  - com.blg.config.ConfigurationManager [main] - Set lastExportMillis Filter using key :  lastExportKey 
2020-02-19 21:32:32 DEBUG - com.blg.app.ExportApplication [main] -  Export Iteration Number : 5
2020-02-19 21:32:32 INFO  - com.blg.app.ExportApplication [main] - Number of docs to Export : 0
2020-02-19 21:32:32 INFO  - com.blg.config.ConfigurationManager [main] - Set lastExportMillis Filter using key :  lastExportKey 
2020-02-19 21:33:02 DEBUG - com.blg.app.ExportApplication [main] -  Export Iteration Number : 6
2020-02-19 21:33:02 INFO  - com.blg.app.ExportApplication [main] - Number of docs to Export : 0
2020-02-19 21:33:02 INFO  - com.blg.config.ConfigurationManager [main] - Set lastExportMillis Filter using key :  lastExportKey 
2020-02-19 21:33:32 DEBUG - com.blg.app.ExportApplication [main] -  Export Iteration Number : 7
2020-02-19 21:33:32 INFO  - com.blg.app.ExportApplication [main] - Number of docs to Export : 0
2020-02-19 21:33:32 INFO  - com.blg.config.ConfigurationManager [main] - Set lastExportMillis Filter using key :  lastExportKey 
2020-02-19 21:34:02 DEBUG - com.blg.app.ExportApplication [main] -  Export Iteration Number : 8
2020-02-19 21:34:02 INFO  - com.blg.app.ExportApplication [main] - Number of docs to Export : 0
2020-02-19 21:34:02 INFO  - com.blg.config.ConfigurationManager [main] - Set lastExportMillis Filter using key :  lastExportKey 
2020-02-19 21:34:33 DEBUG - com.blg.app.ExportApplication [main] -  Export Iteration Number : 9
2020-02-19 21:34:33 INFO  - com.blg.app.ExportApplication [main] - Number of docs to Export : 0
2020-02-19 21:34:33 INFO  - com.blg.config.ConfigurationManager [main] - Set lastExportMillis Filter using key :  lastExportKey 
2020-02-19 21:35:03 DEBUG - com.blg.app.ExportApplication [main] -  Export Iteration Number : 10
2020-02-19 21:35:03 INFO  - com.blg.app.ExportApplication [main] - Number of docs to Export : 0
2020-02-19 21:35:03 INFO  - com.blg.config.ConfigurationManager [main] - Set lastExportMillis Filter using key :  lastExportKey 
2020-02-19 21:35:33 DEBUG - com.blg.app.ExportApplication [main] -  Export Iteration Number : 11
2020-02-19 21:35:33 INFO  - com.blg.app.ExportApplication [main] - Number of docs to Export : 0
2020-02-19 21:35:33 INFO  - com.blg.config.ConfigurationManager [main] - Set lastExportMillis Filter using key :  lastExportKey 
2020-02-19 21:36:03 DEBUG - com.blg.app.ExportApplication [main] -  Export Iteration Number : 12
2020-02-19 21:36:03 INFO  - com.blg.app.ExportApplication [main] - Number of docs to Export : 0
2020-02-19 21:36:03 INFO  - com.blg.config.ConfigurationManager [main] - Set lastExportMillis Filter using key :  lastExportKey 
2020-02-19 14:53:55 INFO  - com.blg.app.Application [main] - Initializing Application
2020-02-19 14:53:55 INFO  - com.blg.config.ConfigurationManager [main] - Configuration Instance is null, Initializing new one
2020-02-19 14:53:55 WARN  - com.blg.config.ConfigurationManager [main] - Environment Variable propertiesFile is not defined
2020-02-19 14:53:55 INFO  - com.blg.config.ConfigurationManager [main] - Configuration File :  config.properties
2020-02-19 14:53:55 INFO  - com.blg.config.ConfigurationManager [main] - Locating : config.properties
2020-02-19 14:53:55 DEBUG - com.blg.config.ConfigurationManager [main] - Configuration File :  config.properties exist
2020-02-19 14:53:55 INFO  - com.blg.config.ConfigurationManager [main] - Get Application ID using key :  ApplicationID 
2020-02-19 14:53:55 INFO  - com.blg.config.ConfigurationManager [main] - Get DB User using key :  DBUser 
2020-02-19 14:53:55 INFO  - com.blg.config.ConfigurationManager [main] - Get DB Password using key :  DBPassword 
2020-02-19 14:53:55 INFO  - com.blg.config.ConfigurationManager [main] - Get DB URL using key :  DBUrl 
2020-02-19 14:53:55 INFO  - com.blg.config.ConfigurationManager [main] - Get DB Schema using key :  DBSchema 
2020-02-19 14:53:55 DEBUG - com.blg.app.Application [main] - Schema : dbo
2020-02-19 14:53:55 INFO  - com.blg.config.ConfigurationManager [main] - Get DB Dialect using key :  DBDialect 
2020-02-19 14:53:55 INFO  - com.blg.app.Application [main] - DB Dialect : org.hibernate.dialect.SQLServer2012Dialect
2020-02-19 14:53:55 INFO  - com.blg.config.ConfigurationManager [main] - Get DB Driver using key :  DBDriver 
2020-02-19 14:53:55 INFO  - com.blg.app.Application [main] - DB Driver : com.microsoft.sqlserver.jdbc.SQLServerDriver
2020-02-19 14:53:55 INFO  - com.blg.config.ConfigurationManager [main] - Get Archive Directory using key :  ArchiveDirectory 
2020-02-19 14:53:55 INFO  - com.blg.app.Application [main] - Base Archive Directory : C:\temp\exstream\archive
2020-02-19 14:53:55 INFO  - com.blg.app.Application [main] - Actual Archive Directory : C:\temp\exstream\archive\20200219
2020-02-19 14:53:55 INFO  - com.blg.config.ConfigurationManager [main] - Get Error Directory using key :  ErrorDirectory 
2020-02-19 14:53:55 INFO  - com.blg.app.Application [main] - Base Error Directory : C:\temp\exstream\error
2020-02-19 14:53:55 INFO  - com.blg.app.Application [main] - Actual Error Directory : C:\temp\exstream\error\20200219
2020-02-19 14:53:55 INFO  - com.blg.config.ConfigurationManager [main] - Get Export Directory using key :  ExportDirectory 
2020-02-19 14:53:55 INFO  - com.blg.app.Application [main] - Base Export Directory : C:\temp\exstream\export
2020-02-19 14:53:55 INFO  - com.blg.config.ConfigurationManager [main] - Get Threads using key :  Threads 
2020-02-19 14:53:55 INFO  - com.blg.app.Application [main] - Threads : 8
2020-02-19 14:53:55 INFO  - com.blg.config.ConfigurationManager [main] - Get Watch Directory using key :  WatchDirectory 
2020-02-19 14:53:55 INFO  - com.blg.app.Application [main] - Watch Directory : C:\temp\exstream\out
2020-02-19 14:53:55 INFO  - com.blg.config.ConfigurationManager [main] - Get File Extension Filter using key :  FilesToWatch 
2020-02-19 14:53:55 INFO  - com.blg.config.ConfigurationManager [main] - Get lastExportMillis Filter using key :  lastExportKey 
2020-02-19 14:53:55 WARN  - com.blg.app.Application [main] - Last Export Date has not been configured in config file. Key 'lastExportKey' does not map to an existing object!
2020-02-19 14:53:55 INFO  - com.blg.app.Application [main] - FileExtension Filter : .mpw
2020-02-19 14:53:55 INFO  - com.blg.app.Application [main] - Application Initialized
2020-02-19 14:53:55 INFO  - com.blg.app.ExportApplication [main] - Starting Export Application
2020-02-19 14:53:55 DEBUG - com.blg.app.ExportApplication [main] -  Export Iteration Number : 1
2020-02-19 14:53:59 INFO  - com.blg.app.ExportApplication [main] - Number of docs to Export : 1
2020-02-19 14:53:59 INFO  - com.blg.config.ConfigurationManager [main] - Set lastExportMillis Filter using key :  lastExportKey 
2020-02-19 14:54:30 DEBUG - com.blg.app.ExportApplication [main] -  Export Iteration Number : 2
2020-02-19 14:54:30 INFO  - com.blg.app.ExportApplication [main] - Number of docs to Export : 1
2020-02-19 14:54:30 INFO  - com.blg.config.ConfigurationManager [main] - Set lastExportMillis Filter using key :  lastExportKey 
2020-02-19 14:56:42 INFO  - com.blg.app.Application [main] - Initializing Application
2020-02-19 14:56:42 INFO  - com.blg.config.ConfigurationManager [main] - Configuration Instance is null, Initializing new one
2020-02-19 14:56:42 WARN  - com.blg.config.ConfigurationManager [main] - Environment Variable propertiesFile is not defined
2020-02-19 14:56:42 INFO  - com.blg.config.ConfigurationManager [main] - Configuration File :  config.properties
2020-02-19 14:56:42 INFO  - com.blg.config.ConfigurationManager [main] - Locating : config.properties
2020-02-19 14:56:42 DEBUG - com.blg.config.ConfigurationManager [main] - Configuration File :  config.properties exist
2020-02-19 14:56:43 INFO  - com.blg.config.ConfigurationManager [main] - Get Application ID using key :  ApplicationID 
2020-02-19 14:56:43 INFO  - com.blg.config.ConfigurationManager [main] - Get DB User using key :  DBUser 
2020-02-19 14:56:43 INFO  - com.blg.config.ConfigurationManager [main] - Get DB Password using key :  DBPassword 
2020-02-19 14:56:43 INFO  - com.blg.config.ConfigurationManager [main] - Get DB URL using key :  DBUrl 
2020-02-19 14:56:43 INFO  - com.blg.config.ConfigurationManager [main] - Get DB Schema using key :  DBSchema 
2020-02-19 14:56:43 DEBUG - com.blg.app.Application [main] - Schema : dbo
2020-02-19 14:56:43 INFO  - com.blg.config.ConfigurationManager [main] - Get DB Dialect using key :  DBDialect 
2020-02-19 14:56:43 INFO  - com.blg.app.Application [main] - DB Dialect : org.hibernate.dialect.SQLServer2012Dialect
2020-02-19 14:56:43 INFO  - com.blg.config.ConfigurationManager [main] - Get DB Driver using key :  DBDriver 
2020-02-19 14:56:43 INFO  - com.blg.app.Application [main] - DB Driver : com.microsoft.sqlserver.jdbc.SQLServerDriver
2020-02-19 14:56:43 INFO  - com.blg.config.ConfigurationManager [main] - Get Archive Directory using key :  ArchiveDirectory 
2020-02-19 14:56:43 INFO  - com.blg.app.Application [main] - Base Archive Directory : C:\temp\exstream\archive
2020-02-19 14:56:43 INFO  - com.blg.app.Application [main] - Actual Archive Directory : C:\temp\exstream\archive\20200219
2020-02-19 14:56:43 INFO  - com.blg.config.ConfigurationManager [main] - Get Error Directory using key :  ErrorDirectory 
2020-02-19 14:56:43 INFO  - com.blg.app.Application [main] - Base Error Directory : C:\temp\exstream\error
2020-02-19 14:56:43 INFO  - com.blg.app.Application [main] - Actual Error Directory : C:\temp\exstream\error\20200219
2020-02-19 14:56:43 INFO  - com.blg.config.ConfigurationManager [main] - Get Export Directory using key :  ExportDirectory 
2020-02-19 14:56:43 INFO  - com.blg.app.Application [main] - Base Export Directory : C:\temp\exstream\export
2020-02-19 14:56:43 INFO  - com.blg.config.ConfigurationManager [main] - Get Threads using key :  Threads 
2020-02-19 14:56:43 INFO  - com.blg.app.Application [main] - Threads : 8
2020-02-19 14:56:43 INFO  - com.blg.config.ConfigurationManager [main] - Get Watch Directory using key :  WatchDirectory 
2020-02-19 14:56:43 INFO  - com.blg.app.Application [main] - Watch Directory : C:\temp\exstream\out
2020-02-19 14:56:43 INFO  - com.blg.config.ConfigurationManager [main] - Get File Extension Filter using key :  FilesToWatch 
2020-02-19 14:56:43 INFO  - com.blg.config.ConfigurationManager [main] - Get lastExportMillis Filter using key :  lastExportKey 
2020-02-19 14:56:43 WARN  - com.blg.app.Application [main] - Last Export Date has not been configured in config file. Key 'lastExportKey' does not map to an existing object!
2020-02-19 14:56:43 INFO  - com.blg.app.Application [main] - FileExtension Filter : .mpw
2020-02-19 14:56:43 INFO  - com.blg.app.Application [main] - Application Initialized
2020-02-19 14:56:43 INFO  - com.blg.app.ExportApplication [main] - Starting Export Application
2020-02-19 14:56:43 DEBUG - com.blg.app.ExportApplication [main] -  Export Iteration Number : 1
2020-02-19 14:56:47 INFO  - com.blg.app.Application [main] - Last Export Date : Thu Jan 01 01:00:00 CET 1970
2020-02-19 14:56:47 INFO  - com.blg.app.ExportApplication [main] - Number of docs to Export : 1
2020-02-19 14:56:47 INFO  - com.blg.config.ConfigurationManager [main] - Set lastExportMillis Filter using key :  lastExportKey 
2020-02-19 14:57:17 DEBUG - com.blg.app.ExportApplication [main] -  Export Iteration Number : 2
2020-02-19 14:57:17 INFO  - com.blg.app.Application [main] - Last Export Date : Thu Jan 01 01:00:00 CET 1970
2020-02-19 14:57:17 INFO  - com.blg.app.ExportApplication [main] - Number of docs to Export : 1
2020-02-19 14:57:17 INFO  - com.blg.config.ConfigurationManager [main] - Set lastExportMillis Filter using key :  lastExportKey 
2020-02-19 14:57:47 DEBUG - com.blg.app.ExportApplication [main] -  Export Iteration Number : 3
2020-02-19 14:57:47 INFO  - com.blg.app.Application [main] - Last Export Date : Thu Jan 01 01:00:00 CET 1970
2020-02-19 14:57:47 INFO  - com.blg.app.ExportApplication [main] - Number of docs to Export : 1
2020-02-19 14:57:47 INFO  - com.blg.config.ConfigurationManager [main] - Set lastExportMillis Filter using key :  lastExportKey 
2020-02-19 14:58:23 INFO  - com.blg.app.Application [main] - Initializing Application
2020-02-19 14:58:23 INFO  - com.blg.config.ConfigurationManager [main] - Configuration Instance is null, Initializing new one
2020-02-19 14:58:23 WARN  - com.blg.config.ConfigurationManager [main] - Environment Variable propertiesFile is not defined
2020-02-19 14:58:23 INFO  - com.blg.config.ConfigurationManager [main] - Configuration File :  config.properties
2020-02-19 14:58:23 INFO  - com.blg.config.ConfigurationManager [main] - Locating : config.properties
2020-02-19 14:58:23 DEBUG - com.blg.config.ConfigurationManager [main] - Configuration File :  config.properties exist
2020-02-19 14:58:24 INFO  - com.blg.config.ConfigurationManager [main] - Get Application ID using key :  ApplicationID 
2020-02-19 14:58:24 INFO  - com.blg.config.ConfigurationManager [main] - Get DB User using key :  DBUser 
2020-02-19 14:58:24 INFO  - com.blg.config.ConfigurationManager [main] - Get DB Password using key :  DBPassword 
2020-02-19 14:58:24 INFO  - com.blg.config.ConfigurationManager [main] - Get DB URL using key :  DBUrl 
2020-02-19 14:58:24 INFO  - com.blg.config.ConfigurationManager [main] - Get DB Schema using key :  DBSchema 
2020-02-19 14:58:24 DEBUG - com.blg.app.Application [main] - Schema : dbo
2020-02-19 14:58:24 INFO  - com.blg.config.ConfigurationManager [main] - Get DB Dialect using key :  DBDialect 
2020-02-19 14:58:24 INFO  - com.blg.app.Application [main] - DB Dialect : org.hibernate.dialect.SQLServer2012Dialect
2020-02-19 14:58:24 INFO  - com.blg.config.ConfigurationManager [main] - Get DB Driver using key :  DBDriver 
2020-02-19 14:58:24 INFO  - com.blg.app.Application [main] - DB Driver : com.microsoft.sqlserver.jdbc.SQLServerDriver
2020-02-19 14:58:24 INFO  - com.blg.config.ConfigurationManager [main] - Get Archive Directory using key :  ArchiveDirectory 
2020-02-19 14:58:24 INFO  - com.blg.app.Application [main] - Base Archive Directory : C:\temp\exstream\archive
2020-02-19 14:58:24 INFO  - com.blg.app.Application [main] - Actual Archive Directory : C:\temp\exstream\archive\20200219
2020-02-19 14:58:24 INFO  - com.blg.config.ConfigurationManager [main] - Get Error Directory using key :  ErrorDirectory 
2020-02-19 14:58:24 INFO  - com.blg.app.Application [main] - Base Error Directory : C:\temp\exstream\error
2020-02-19 14:58:24 INFO  - com.blg.app.Application [main] - Actual Error Directory : C:\temp\exstream\error\20200219
2020-02-19 14:58:24 INFO  - com.blg.config.ConfigurationManager [main] - Get Export Directory using key :  ExportDirectory 
2020-02-19 14:58:24 INFO  - com.blg.app.Application [main] - Base Export Directory : C:\temp\exstream\export
2020-02-19 14:58:24 INFO  - com.blg.config.ConfigurationManager [main] - Get Threads using key :  Threads 
2020-02-19 14:58:24 INFO  - com.blg.app.Application [main] - Threads : 8
2020-02-19 14:58:24 INFO  - com.blg.config.ConfigurationManager [main] - Get Watch Directory using key :  WatchDirectory 
2020-02-19 14:58:24 INFO  - com.blg.app.Application [main] - Watch Directory : C:\temp\exstream\out
2020-02-19 14:58:24 INFO  - com.blg.config.ConfigurationManager [main] - Get File Extension Filter using key :  FilesToWatch 
2020-02-19 14:58:24 INFO  - com.blg.config.ConfigurationManager [main] - Get lastExportMillis Filter using key :  lastExportKey 
2020-02-19 14:58:24 INFO  - com.blg.app.Application [main] - FileExtension Filter : .mpw
2020-02-19 14:58:24 INFO  - com.blg.app.Application [main] - Application Initialized
2020-02-19 14:58:24 INFO  - com.blg.app.ExportApplication [main] - Starting Export Application
2020-02-19 14:58:24 DEBUG - com.blg.app.ExportApplication [main] -  Export Iteration Number : 1
2020-02-19 14:58:30 INFO  - com.blg.app.Application [main] - Last Export Date : Wed Feb 19 14:57:47 CET 2020
2020-02-19 14:58:30 INFO  - com.blg.app.ExportApplication [main] - Number of docs to Export : 0
2020-02-19 14:58:45 INFO  - com.blg.config.ConfigurationManager [main] - Set lastExportMillis Filter using key :  lastExportKey 
2020-02-19 14:59:09 INFO  - com.blg.app.Application [main] - Initializing Application
2020-02-19 14:59:09 INFO  - com.blg.config.ConfigurationManager [main] - Configuration Instance is null, Initializing new one
2020-02-19 14:59:09 WARN  - com.blg.config.ConfigurationManager [main] - Environment Variable propertiesFile is not defined
2020-02-19 14:59:09 INFO  - com.blg.config.ConfigurationManager [main] - Configuration File :  config.properties
2020-02-19 14:59:09 INFO  - com.blg.config.ConfigurationManager [main] - Locating : config.properties
2020-02-19 14:59:09 DEBUG - com.blg.config.ConfigurationManager [main] - Configuration File :  config.properties exist
2020-02-19 14:59:10 INFO  - com.blg.config.ConfigurationManager [main] - Get Application ID using key :  ApplicationID 
2020-02-19 14:59:10 INFO  - com.blg.config.ConfigurationManager [main] - Get DB User using key :  DBUser 
2020-02-19 14:59:10 INFO  - com.blg.config.ConfigurationManager [main] - Get DB Password using key :  DBPassword 
2020-02-19 14:59:10 INFO  - com.blg.config.ConfigurationManager [main] - Get DB URL using key :  DBUrl 
2020-02-19 14:59:10 INFO  - com.blg.config.ConfigurationManager [main] - Get DB Schema using key :  DBSchema 
2020-02-19 14:59:10 DEBUG - com.blg.app.Application [main] - Schema : dbo
2020-02-19 14:59:10 INFO  - com.blg.config.ConfigurationManager [main] - Get DB Dialect using key :  DBDialect 
2020-02-19 14:59:10 INFO  - com.blg.app.Application [main] - DB Dialect : org.hibernate.dialect.SQLServer2012Dialect
2020-02-19 14:59:10 INFO  - com.blg.config.ConfigurationManager [main] - Get DB Driver using key :  DBDriver 
2020-02-19 14:59:10 INFO  - com.blg.app.Application [main] - DB Driver : com.microsoft.sqlserver.jdbc.SQLServerDriver
2020-02-19 14:59:10 INFO  - com.blg.config.ConfigurationManager [main] - Get Archive Directory using key :  ArchiveDirectory 
2020-02-19 14:59:10 INFO  - com.blg.app.Application [main] - Base Archive Directory : C:\temp\exstream\archive
2020-02-19 14:59:10 INFO  - com.blg.app.Application [main] - Actual Archive Directory : C:\temp\exstream\archive\20200219
2020-02-19 14:59:10 INFO  - com.blg.config.ConfigurationManager [main] - Get Error Directory using key :  ErrorDirectory 
2020-02-19 14:59:10 INFO  - com.blg.app.Application [main] - Base Error Directory : C:\temp\exstream\error
2020-02-19 14:59:10 INFO  - com.blg.app.Application [main] - Actual Error Directory : C:\temp\exstream\error\20200219
2020-02-19 14:59:10 INFO  - com.blg.config.ConfigurationManager [main] - Get Export Directory using key :  ExportDirectory 
2020-02-19 14:59:10 INFO  - com.blg.app.Application [main] - Base Export Directory : C:\temp\exstream\export
2020-02-19 14:59:10 INFO  - com.blg.config.ConfigurationManager [main] - Get Threads using key :  Threads 
2020-02-19 14:59:10 INFO  - com.blg.app.Application [main] - Threads : 8
2020-02-19 14:59:10 INFO  - com.blg.config.ConfigurationManager [main] - Get Watch Directory using key :  WatchDirectory 
2020-02-19 14:59:10 INFO  - com.blg.app.Application [main] - Watch Directory : C:\temp\exstream\out
2020-02-19 14:59:10 INFO  - com.blg.config.ConfigurationManager [main] - Get File Extension Filter using key :  FilesToWatch 
2020-02-19 14:59:10 INFO  - com.blg.config.ConfigurationManager [main] - Get lastExportMillis Filter using key :  lastExportKey 
2020-02-19 14:59:10 WARN  - com.blg.app.Application [main] - Last Export Date has not been configured in config file. Key 'lastExportKey' does not map to an existing object!
2020-02-19 14:59:10 INFO  - com.blg.app.Application [main] - FileExtension Filter : .mpw
2020-02-19 14:59:10 INFO  - com.blg.app.Application [main] - Application Initialized
2020-02-19 14:59:10 INFO  - com.blg.app.ExportApplication [main] - Starting Export Application
2020-02-19 14:59:10 DEBUG - com.blg.app.ExportApplication [main] -  Export Iteration Number : 1
2020-02-19 14:59:16 INFO  - com.blg.app.Application [main] - Last Export Date : Thu Jan 01 01:00:00 CET 1970
2020-02-19 14:59:17 INFO  - com.blg.app.ExportApplication [main] - Number of docs to Export : 1
2020-02-19 15:00:05 INFO  - com.blg.config.ConfigurationManager [main] - Set lastExportMillis Filter using key :  lastExportKey 
2020-02-19 15:02:59 INFO  - com.blg.app.Application [main] - Initializing Application
2020-02-19 15:02:59 INFO  - com.blg.config.ConfigurationManager [main] - Configuration Instance is null, Initializing new one
2020-02-19 15:02:59 WARN  - com.blg.config.ConfigurationManager [main] - Environment Variable propertiesFile is not defined
2020-02-19 15:02:59 INFO  - com.blg.config.ConfigurationManager [main] - Configuration File :  config.properties
2020-02-19 15:02:59 INFO  - com.blg.config.ConfigurationManager [main] - Locating : config.properties
2020-02-19 15:03:00 DEBUG - com.blg.config.ConfigurationManager [main] - Configuration File :  config.properties exist
2020-02-19 15:03:00 INFO  - com.blg.config.ConfigurationManager [main] - Get Application ID using key :  ApplicationID 
2020-02-19 15:03:00 INFO  - com.blg.config.ConfigurationManager [main] - Get DB User using key :  DBUser 
2020-02-19 15:03:00 INFO  - com.blg.config.ConfigurationManager [main] - Get DB Password using key :  DBPassword 
2020-02-19 15:03:00 INFO  - com.blg.config.ConfigurationManager [main] - Get DB URL using key :  DBUrl 
2020-02-19 15:03:00 INFO  - com.blg.config.ConfigurationManager [main] - Get DB Schema using key :  DBSchema 
2020-02-19 15:03:00 DEBUG - com.blg.app.Application [main] - Schema : dbo
2020-02-19 15:03:00 INFO  - com.blg.config.ConfigurationManager [main] - Get DB Dialect using key :  DBDialect 
2020-02-19 15:03:00 INFO  - com.blg.app.Application [main] - DB Dialect : org.hibernate.dialect.SQLServer2012Dialect
2020-02-19 15:03:00 INFO  - com.blg.config.ConfigurationManager [main] - Get DB Driver using key :  DBDriver 
2020-02-19 15:03:00 INFO  - com.blg.app.Application [main] - DB Driver : com.microsoft.sqlserver.jdbc.SQLServerDriver
2020-02-19 15:03:00 INFO  - com.blg.config.ConfigurationManager [main] - Get Archive Directory using key :  ArchiveDirectory 
2020-02-19 15:03:00 INFO  - com.blg.app.Application [main] - Base Archive Directory : C:\temp\exstream\archive
2020-02-19 15:03:00 INFO  - com.blg.app.Application [main] - Actual Archive Directory : C:\temp\exstream\archive\20200219
2020-02-19 15:03:00 INFO  - com.blg.config.ConfigurationManager [main] - Get Error Directory using key :  ErrorDirectory 
2020-02-19 15:03:00 INFO  - com.blg.app.Application [main] - Base Error Directory : C:\temp\exstream\error
2020-02-19 15:03:00 INFO  - com.blg.app.Application [main] - Actual Error Directory : C:\temp\exstream\error\20200219
2020-02-19 15:03:00 INFO  - com.blg.config.ConfigurationManager [main] - Get Export Directory using key :  ExportDirectory 
2020-02-19 15:03:00 INFO  - com.blg.app.Application [main] - Base Export Directory : C:\temp\exstream\export
2020-02-19 15:03:00 INFO  - com.blg.config.ConfigurationManager [main] - Get Threads using key :  Threads 
2020-02-19 15:03:00 INFO  - com.blg.app.Application [main] - Threads : 8
2020-02-19 15:03:00 INFO  - com.blg.config.ConfigurationManager [main] - Get Watch Directory using key :  WatchDirectory 
2020-02-19 15:03:00 INFO  - com.blg.app.Application [main] - Watch Directory : C:\temp\exstream\out
2020-02-19 15:03:00 INFO  - com.blg.config.ConfigurationManager [main] - Get File Extension Filter using key :  FilesToWatch 
2020-02-19 15:03:00 INFO  - com.blg.config.ConfigurationManager [main] - Get lastExportMillis Filter using key :  lastExportKey 
2020-02-19 15:03:00 INFO  - com.blg.app.Application [main] - FileExtension Filter : .mpw
2020-02-19 15:03:00 INFO  - com.blg.app.Application [main] - Application Initialized
2020-02-19 15:03:00 INFO  - com.blg.app.ExportApplication [main] - Starting Export Application
2020-02-19 15:03:00 DEBUG - com.blg.app.ExportApplication [main] -  Export Iteration Number : 1
2020-02-19 15:03:05 INFO  - com.blg.app.Application [main] - Last Export Date : Wed Feb 19 14:59:10 CET 2020
2020-02-19 15:03:05 INFO  - com.blg.app.ExportApplication [main] - Number of docs to Export : 1
2020-02-19 15:03:05 DEBUG - com.blg.app.exporter.task.ExporterTask [pool-3-thread-1] - Export 82e9fa16-d961-42e9-8243-70230480f7bf to C:\temp\exstream\export\WelcomeLetter_Mujahid.mpw
2020-02-19 15:03:05 DEBUG - com.blg.app.exporter.task.ExporterTask [pool-3-thread-1] - Refreshing authToken
2020-02-19 15:03:05 INFO  - com.blg.config.ConfigurationManager [pool-3-thread-1] - Get Empower User using key :  EmpowerUser 
2020-02-19 15:03:05 INFO  - com.blg.config.ConfigurationManager [pool-3-thread-1] - Get Empower User's Password using key :  EmpowerUserPassword 
2020-02-19 15:03:05 INFO  - com.blg.config.ConfigurationManager [pool-3-thread-1] - Get OTDS BASE_URL using key :  OtdsBaseURL 
2020-02-19 15:03:05 INFO  - com.blg.config.ConfigurationManager [pool-3-thread-1] - Get Interceptor Log Level using key :  RestLogLevel 
2020-02-19 15:03:05 INFO  - com.blg.rest.impl.OTDSRestService [pool-3-thread-1] - Authenticating tenantadmin 
2020-02-19 15:03:05 INFO  - com.blg.config.ConfigurationManager [pool-3-thread-1] - Get Client ID using key :  ClientID 
2020-02-19 15:03:05 INFO  - com.blg.config.ConfigurationManager [pool-3-thread-1] - Get Client Secret using key :  ClientSecret 
2020-02-19 15:03:05 INFO  - com.blg.config.ConfigurationManager [pool-3-thread-1] - Get Grant Type using key :  GrantType 
2020-02-19 15:03:05 INFO  - com.blg.rest.impl.OTDSRestService [pool-3-thread-1] - --> POST https://win-j5e1tgie6dq:8443/otdstenant/strstenant/otdsws/login
2020-02-19 15:03:05 INFO  - com.blg.rest.impl.OTDSRestService [pool-3-thread-1] - Content-Type: application/x-www-form-urlencoded
2020-02-19 15:03:05 INFO  - com.blg.rest.impl.OTDSRestService [pool-3-thread-1] - Content-Length: 125
2020-02-19 15:03:05 INFO  - com.blg.rest.impl.OTDSRestService [pool-3-thread-1] - Accept: application/json
2020-02-19 15:03:05 INFO  - com.blg.rest.impl.OTDSRestService [pool-3-thread-1] - --> END POST
2020-02-19 15:03:07 INFO  - com.blg.rest.impl.OTDSRestService [pool-3-thread-1] - <-- 200 https://win-j5e1tgie6dq:8443/otdstenant/strstenant/otdsws/login (1683ms)
2020-02-19 15:03:07 INFO  - com.blg.rest.impl.OTDSRestService [pool-3-thread-1] - Cache-Control: no-cache, no-store
2020-02-19 15:03:07 INFO  - com.blg.rest.impl.OTDSRestService [pool-3-thread-1] - Content-Type: application/json
2020-02-19 15:03:07 INFO  - com.blg.rest.impl.OTDSRestService [pool-3-thread-1] - Transfer-Encoding: chunked
2020-02-19 15:03:07 INFO  - com.blg.rest.impl.OTDSRestService [pool-3-thread-1] - Date: Wed, 19 Feb 2020 14:03:07 GMT
2020-02-19 15:03:07 INFO  - com.blg.rest.impl.OTDSRestService [pool-3-thread-1] - <-- END HTTP
2020-02-19 15:03:07 DEBUG - com.blg.rest.impl.OTDSRestService [pool-3-thread-1] - Authenticating tenantadmin. Response is successful.
2020-02-19 15:03:07 DEBUG - com.blg.rest.impl.OTDSRestService [pool-3-thread-1] - Authenticating tenantadmin. Token Received : eyJraWQiOiJkMDkyOGFhOTA2MzQyNTYxMDk4NjU4NWJkOWEyMzZkNjQyOTZhYjk2IiwidHlwIjoiSldUIiwiYWxnIjoiUlMyNTYifQ.eyJzdWIiOiI4NGZjYmEzNi00M2M0LTRjYjgtOWFiMy1jYWEyMzg0NmQzNjciLCJzY3AiOltdLCJkbXAiOnsiT1REU19DUkVEU19BVVRIIjoidHJ1ZSIsIk9URFNfSEFTX1BBU1NXT1JEIjoiZmFsc2UifSwicnRpIjoiN2U1MjFjZjAtZjdlNS00ZWY4LTgzZmItNjkzODA4ZDJmY2U2Iiwic2F0IjoxNTgyMTIwOTg2LCJpc3MiOiJodHRwczovL3dpbi1qNWUxdGdpZTZkcTo4NDQzL290ZHN0ZW5hbnQvc3Ryc3RlbmFudC9vdGRzd3MiLCJncnQiOiJwYXNzd29yZCIsInR5cCI6ImFjY2Vzc190b2tlbiIsInBpZCI6InN0cnMucm9sZSIsInJpZCI6e30sInNpZCI6IjViOGM2MGNmLWY2MmYtNGRiYi04Njg5LTVjOTc2YWQ3ZWVjYyIsInVpZCI6InRlbmFudGFkbWluQHN0cnMucm9sZSIsInVubSI6InRlbmFudGFkbWluIiwibmFtZSI6IiIsImV4cCI6MTU4MjEyNDU4NywiaWF0IjoxNTgyMTIwOTg3LCJqdGkiOiJkZjU0ZDRmZC03MmRhLTRjMTAtYjlkMi1kZGQ4YmU1MjQyOTkiLCJjaWQiOiJFbXBvd2VyIn0.qKlHaFFwtmZGYUif6CJQ74VLEowoKcV9-jbTVoeugAIX1yiYem-2W4cmL0uBjaGDuS5xssULHjOmAmOu59qxMJgL5onI-7iyTFMTVwaV_nWpy-VbskQ5lx5GtI0g5Igdwxbetmy1i4CeDeH1lodres7QKugRyD_QFZwS317pgsK4MhX8QhTBeoVzmuEBtbiezlIiUO0sc7TsX1OQV32gpy7PgytdPNg2QK4CsL_SxpxSodj_B4yhP16AqaaarkbTLcIwOJUgNWicPe0G34OFg_sjuqlbrCrpZPFSg80-u6NnR81VHvTsqdonU-WwmCw9ZejBZRn5RExObGGZ8HlIYA
2020-02-19 15:03:07 INFO  - com.blg.config.ConfigurationManager [pool-3-thread-1] - Get Empower BASE_URL using key :  EmpowerBaseURL 
2020-02-19 15:03:07 INFO  - com.blg.config.ConfigurationManager [pool-3-thread-1] - Get Interceptor Log Level using key :  RestLogLevel 
2020-02-19 15:03:07 INFO  - com.blg.rest.impl.OTDSRestService [pool-3-thread-1] - Get CSRF Token called
2020-02-19 15:03:07 INFO  - com.blg.rest.impl.OTDSRestService [pool-3-thread-1] - --> GET https://win-j5e1tgie6dq:8444/empower/resource/GetToken
2020-02-19 15:03:07 INFO  - com.blg.rest.impl.OTDSRestService [pool-3-thread-1] - Accept: application/json
2020-02-19 15:03:07 INFO  - com.blg.rest.impl.OTDSRestService [pool-3-thread-1] - Authorization: Bearer eyJraWQiOiJkMDkyOGFhOTA2MzQyNTYxMDk4NjU4NWJkOWEyMzZkNjQyOTZhYjk2IiwidHlwIjoiSldUIiwiYWxnIjoiUlMyNTYifQ.eyJzdWIiOiI4NGZjYmEzNi00M2M0LTRjYjgtOWFiMy1jYWEyMzg0NmQzNjciLCJzY3AiOltdLCJkbXAiOnsiT1REU19DUkVEU19BVVRIIjoidHJ1ZSIsIk9URFNfSEFTX1BBU1NXT1JEIjoiZmFsc2UifSwicnRpIjoiN2U1MjFjZjAtZjdlNS00ZWY4LTgzZmItNjkzODA4ZDJmY2U2Iiwic2F0IjoxNTgyMTIwOTg2LCJpc3MiOiJodHRwczovL3dpbi1qNWUxdGdpZTZkcTo4NDQzL290ZHN0ZW5hbnQvc3Ryc3RlbmFudC9vdGRzd3MiLCJncnQiOiJwYXNzd29yZCIsInR5cCI6ImFjY2Vzc190b2tlbiIsInBpZCI6InN0cnMucm9sZSIsInJpZCI6e30sInNpZCI6IjViOGM2MGNmLWY2MmYtNGRiYi04Njg5LTVjOTc2YWQ3ZWVjYyIsInVpZCI6InRlbmFudGFkbWluQHN0cnMucm9sZSIsInVubSI6InRlbmFudGFkbWluIiwibmFtZSI6IiIsImV4cCI6MTU4MjEyNDU4NywiaWF0IjoxNTgyMTIwOTg3LCJqdGkiOiJkZjU0ZDRmZC03MmRhLTRjMTAtYjlkMi1kZGQ4YmU1MjQyOTkiLCJjaWQiOiJFbXBvd2VyIn0.qKlHaFFwtmZGYUif6CJQ74VLEowoKcV9-jbTVoeugAIX1yiYem-2W4cmL0uBjaGDuS5xssULHjOmAmOu59qxMJgL5onI-7iyTFMTVwaV_nWpy-VbskQ5lx5GtI0g5Igdwxbetmy1i4CeDeH1lodres7QKugRyD_QFZwS317pgsK4MhX8QhTBeoVzmuEBtbiezlIiUO0sc7TsX1OQV32gpy7PgytdPNg2QK4CsL_SxpxSodj_B4yhP16AqaaarkbTLcIwOJUgNWicPe0G34OFg_sjuqlbrCrpZPFSg80-u6NnR81VHvTsqdonU-WwmCw9ZejBZRn5RExObGGZ8HlIYA
2020-02-19 15:03:07 INFO  - com.blg.rest.impl.OTDSRestService [pool-3-thread-1] - --> END GET
2020-02-19 15:03:08 INFO  - com.blg.rest.impl.OTDSRestService [pool-3-thread-1] - <-- 200 https://win-j5e1tgie6dq:8444/empower/resource/GetToken (947ms)
2020-02-19 15:03:08 INFO  - com.blg.rest.impl.OTDSRestService [pool-3-thread-1] - Set-Cookie: JSESSIONID=C5BB8F18BEC89D2937A2F5E010DC3192; Path=/empower; Secure; HttpOnly
2020-02-19 15:03:08 INFO  - com.blg.rest.impl.OTDSRestService [pool-3-thread-1] - Set-Cookie: XSRF-TOKEN=4f9bea5b-2841-4ffe-9b02-d7964910c1d4; Path=/empower
2020-02-19 15:03:08 INFO  - com.blg.rest.impl.OTDSRestService [pool-3-thread-1] - Pragma: no-cache
2020-02-19 15:03:08 INFO  - com.blg.rest.impl.OTDSRestService [pool-3-thread-1] - Cache-Control: no-store,no-cache,must-revalidate,max-age=0,s-maxage=0,post-check=0,pre-check=0
2020-02-19 15:03:08 INFO  - com.blg.rest.impl.OTDSRestService [pool-3-thread-1] - Expires: 0
2020-02-19 15:03:08 INFO  - com.blg.rest.impl.OTDSRestService [pool-3-thread-1] - Strict-Transport-Security: max-age=31536000 ; includeSubDomains
2020-02-19 15:03:08 INFO  - com.blg.rest.impl.OTDSRestService [pool-3-thread-1] - X-XSS-Protection: 1; mode=block
2020-02-19 15:03:08 INFO  - com.blg.rest.impl.OTDSRestService [pool-3-thread-1] - X-Frame-Options: DENY
2020-02-19 15:03:08 INFO  - com.blg.rest.impl.OTDSRestService [pool-3-thread-1] - Content-Type: application/json
2020-02-19 15:03:08 INFO  - com.blg.rest.impl.OTDSRestService [pool-3-thread-1] - Content-Length: 179
2020-02-19 15:03:08 INFO  - com.blg.rest.impl.OTDSRestService [pool-3-thread-1] - Date: Wed, 19 Feb 2020 14:03:08 GMT
2020-02-19 15:03:08 INFO  - com.blg.rest.impl.OTDSRestService [pool-3-thread-1] - <-- END HTTP
2020-02-19 15:03:08 DEBUG - com.blg.rest.impl.OTDSRestService [pool-3-thread-1] - Get CSRF Token. Response is successful.
2020-02-19 15:03:08 DEBUG - com.blg.rest.impl.OTDSRestService [pool-3-thread-1] - Get CSRF Token. Token Received from server
2020-02-19 15:03:08 INFO  - com.blg.rest.impl.OTDSRestService [pool-3-thread-1] - Export file::  DocID : 82e9fa16-d961-42e9-8243-70230480f7bf, preserveDoc : true
2020-02-19 15:03:08 INFO  - com.blg.rest.impl.OTDSRestService [pool-3-thread-1] - --> POST https://win-j5e1tgie6dq:8444/empower/resource/documents/82e9fa16-d961-42e9-8243-70230480f7bf/export
2020-02-19 15:03:08 INFO  - com.blg.rest.impl.OTDSRestService [pool-3-thread-1] - Content-Type: application/x-www-form-urlencoded
2020-02-19 15:03:08 INFO  - com.blg.rest.impl.OTDSRestService [pool-3-thread-1] - Content-Length: 16
2020-02-19 15:03:08 INFO  - com.blg.rest.impl.OTDSRestService [pool-3-thread-1] - X-CSRF-TOKEN: 4f9bea5b-2841-4ffe-9b02-d7964910c1d4
2020-02-19 15:03:08 INFO  - com.blg.rest.impl.OTDSRestService [pool-3-thread-1] - Cookie: XSRF-TOKEN=4f9bea5b-2841-4ffe-9b02-d7964910c1d4; Path=/empower
2020-02-19 15:03:08 INFO  - com.blg.rest.impl.OTDSRestService [pool-3-thread-1] - Cookie: JSESSIONID=C5BB8F18BEC89D2937A2F5E010DC3192; Path=/empower; Secure; HttpOnly
2020-02-19 15:03:08 INFO  - com.blg.rest.impl.OTDSRestService [pool-3-thread-1] - --> END POST
2020-02-19 15:03:08 INFO  - com.blg.rest.impl.OTDSRestService [pool-3-thread-1] - <-- 200 https://win-j5e1tgie6dq:8444/empower/resource/documents/82e9fa16-d961-42e9-8243-70230480f7bf/export (273ms)
2020-02-19 15:03:08 INFO  - com.blg.rest.impl.OTDSRestService [pool-3-thread-1] - Set-Cookie: XSRF-TOKEN=4f9bea5b-2841-4ffe-9b02-d7964910c1d4; Path=/empower
2020-02-19 15:03:08 INFO  - com.blg.rest.impl.OTDSRestService [pool-3-thread-1] - Pragma: no-cache
2020-02-19 15:03:08 INFO  - com.blg.rest.impl.OTDSRestService [pool-3-thread-1] - Cache-Control: no-store,no-cache,must-revalidate,max-age=0,s-maxage=0,post-check=0,pre-check=0
2020-02-19 15:03:08 INFO  - com.blg.rest.impl.OTDSRestService [pool-3-thread-1] - Expires: 0
2020-02-19 15:03:08 INFO  - com.blg.rest.impl.OTDSRestService [pool-3-thread-1] - content-disposition: inline;filename=WelcomeLetter.mpw
2020-02-19 15:03:08 INFO  - com.blg.rest.impl.OTDSRestService [pool-3-thread-1] - Strict-Transport-Security: max-age=31536000 ; includeSubDomains
2020-02-19 15:03:08 INFO  - com.blg.rest.impl.OTDSRestService [pool-3-thread-1] - X-XSS-Protection: 1; mode=block
2020-02-19 15:03:08 INFO  - com.blg.rest.impl.OTDSRestService [pool-3-thread-1] - X-Frame-Options: DENY
2020-02-19 15:03:08 INFO  - com.blg.rest.impl.OTDSRestService [pool-3-thread-1] - Content-Type: application/octet-stream
2020-02-19 15:03:08 INFO  - com.blg.rest.impl.OTDSRestService [pool-3-thread-1] - Transfer-Encoding: chunked
2020-02-19 15:03:08 INFO  - com.blg.rest.impl.OTDSRestService [pool-3-thread-1] - Date: Wed, 19 Feb 2020 14:03:08 GMT
2020-02-19 15:03:08 INFO  - com.blg.rest.impl.OTDSRestService [pool-3-thread-1] - <-- END HTTP
2020-02-19 15:03:08 DEBUG - com.blg.rest.impl.OTDSRestService [pool-3-thread-1] - Skipping the retrieval of cookies from response
2020-02-19 15:03:08 DEBUG - com.blg.rest.impl.OTDSRestService [pool-3-thread-1] - Export Document 82e9fa16-d961-42e9-8243-70230480f7bf. Response is successful.
2020-02-19 15:03:08 INFO  - com.blg.config.ConfigurationManager [main] - Set lastExportMillis Filter using key :  lastExportKey 
2020-02-19 15:03:39 DEBUG - com.blg.app.ExportApplication [main] -  Export Iteration Number : 2
2020-02-19 15:03:39 INFO  - com.blg.app.Application [main] - Last Export Date : Wed Feb 19 14:59:10 CET 2020
2020-02-19 15:03:39 INFO  - com.blg.app.ExportApplication [main] - Number of docs to Export : 1
2020-02-19 15:03:39 DEBUG - com.blg.app.exporter.task.ExporterTask [pool-4-thread-1] - Export 82e9fa16-d961-42e9-8243-70230480f7bf to C:\temp\exstream\export\WelcomeLetter_Mujahid.mpw
2020-02-19 15:03:39 DEBUG - com.blg.app.exporter.task.ExporterTask [pool-4-thread-1] - Refreshing authToken
2020-02-19 15:03:39 INFO  - com.blg.config.ConfigurationManager [pool-4-thread-1] - Get Empower User using key :  EmpowerUser 
2020-02-19 15:03:39 INFO  - com.blg.config.ConfigurationManager [pool-4-thread-1] - Get Empower User's Password using key :  EmpowerUserPassword 
2020-02-19 15:03:39 INFO  - com.blg.config.ConfigurationManager [pool-4-thread-1] - Get OTDS BASE_URL using key :  OtdsBaseURL 
2020-02-19 15:03:39 INFO  - com.blg.config.ConfigurationManager [pool-4-thread-1] - Get Interceptor Log Level using key :  RestLogLevel 
2020-02-19 15:03:39 INFO  - com.blg.rest.impl.OTDSRestService [pool-4-thread-1] - Authenticating tenantadmin 
2020-02-19 15:03:39 INFO  - com.blg.config.ConfigurationManager [pool-4-thread-1] - Get Client ID using key :  ClientID 
2020-02-19 15:03:39 INFO  - com.blg.config.ConfigurationManager [pool-4-thread-1] - Get Client Secret using key :  ClientSecret 
2020-02-19 15:03:39 INFO  - com.blg.config.ConfigurationManager [pool-4-thread-1] - Get Grant Type using key :  GrantType 
2020-02-19 15:03:39 INFO  - com.blg.rest.impl.OTDSRestService [pool-4-thread-1] - --> POST https://win-j5e1tgie6dq:8443/otdstenant/strstenant/otdsws/login
2020-02-19 15:03:39 INFO  - com.blg.rest.impl.OTDSRestService [pool-4-thread-1] - Content-Type: application/x-www-form-urlencoded
2020-02-19 15:03:39 INFO  - com.blg.rest.impl.OTDSRestService [pool-4-thread-1] - Content-Length: 125
2020-02-19 15:03:39 INFO  - com.blg.rest.impl.OTDSRestService [pool-4-thread-1] - Accept: application/json
2020-02-19 15:03:39 INFO  - com.blg.rest.impl.OTDSRestService [pool-4-thread-1] - --> END POST
2020-02-19 15:03:40 INFO  - com.blg.rest.impl.OTDSRestService [pool-4-thread-1] - <-- 200 https://win-j5e1tgie6dq:8443/otdstenant/strstenant/otdsws/login (1620ms)
2020-02-19 15:03:40 INFO  - com.blg.rest.impl.OTDSRestService [pool-4-thread-1] - Cache-Control: no-cache, no-store
2020-02-19 15:03:40 INFO  - com.blg.rest.impl.OTDSRestService [pool-4-thread-1] - Content-Type: application/json
2020-02-19 15:03:40 INFO  - com.blg.rest.impl.OTDSRestService [pool-4-thread-1] - Transfer-Encoding: chunked
2020-02-19 15:03:40 INFO  - com.blg.rest.impl.OTDSRestService [pool-4-thread-1] - Date: Wed, 19 Feb 2020 14:03:40 GMT
2020-02-19 15:03:40 INFO  - com.blg.rest.impl.OTDSRestService [pool-4-thread-1] - <-- END HTTP
2020-02-19 15:03:40 DEBUG - com.blg.rest.impl.OTDSRestService [pool-4-thread-1] - Authenticating tenantadmin. Response is successful.
2020-02-19 15:03:40 DEBUG - com.blg.rest.impl.OTDSRestService [pool-4-thread-1] - Authenticating tenantadmin. Token Received : eyJraWQiOiJkMDkyOGFhOTA2MzQyNTYxMDk4NjU4NWJkOWEyMzZkNjQyOTZhYjk2IiwidHlwIjoiSldUIiwiYWxnIjoiUlMyNTYifQ.eyJzdWIiOiI4NGZjYmEzNi00M2M0LTRjYjgtOWFiMy1jYWEyMzg0NmQzNjciLCJzY3AiOltdLCJkbXAiOnsiT1REU19DUkVEU19BVVRIIjoidHJ1ZSIsIk9URFNfSEFTX1BBU1NXT1JEIjoiZmFsc2UifSwicnRpIjoiNWNiYTI5MTEtMGZjMS00ODkxLTk5OTMtZjhjODMwYjY0ZWI5Iiwic2F0IjoxNTgyMTIxMDE5LCJpc3MiOiJodHRwczovL3dpbi1qNWUxdGdpZTZkcTo4NDQzL290ZHN0ZW5hbnQvc3Ryc3RlbmFudC9vdGRzd3MiLCJncnQiOiJwYXNzd29yZCIsInR5cCI6ImFjY2Vzc190b2tlbiIsInBpZCI6InN0cnMucm9sZSIsInJpZCI6e30sInNpZCI6IjU5NTU4ZDE2LWE5MTMtNDQzMC05NGY2LThjMGU3ZmIwNzlhZSIsInVpZCI6InRlbmFudGFkbWluQHN0cnMucm9sZSIsInVubSI6InRlbmFudGFkbWluIiwibmFtZSI6IiIsImV4cCI6MTU4MjEyNDYyMCwiaWF0IjoxNTgyMTIxMDIwLCJqdGkiOiI0OTNhZDAwNi03OWUyLTRjYWUtODNjMC1kZjg2ODc2MDdiOTAiLCJjaWQiOiJFbXBvd2VyIn0.Y_EqwTTbamFiaVO_a_nnDCPjofZbICyE_e72hJxTPFEC6jnYOa6aIKAE6O7mU8wBwXdpCSKTv8eSB21QqIWTbcnP7ZUkP0SZX4mapdZ-T-PxTaoX_sVrHpszcdkM7vSYaJEK-FKd1WN34uPQLfbBYwMxSeSy6gsXjQicfv-4ql5015cYVTTRQRQt0zU8MdAWmn6z0EcPfzgvactsR0nifw5FfAtGXNQ_EHbnP6a0y4jdk2_GxaX5GSsXXmEgVf2cLzrL8Hq3flNpFgDkB2o-A5uTui_4Rgb2NbrWSqVqMxHS82inqdhmSO_ro5WQwZicwB-oYSH1qEaIrgLVHPRJqw
2020-02-19 15:03:40 INFO  - com.blg.config.ConfigurationManager [pool-4-thread-1] - Get Empower BASE_URL using key :  EmpowerBaseURL 
2020-02-19 15:03:40 INFO  - com.blg.config.ConfigurationManager [pool-4-thread-1] - Get Interceptor Log Level using key :  RestLogLevel 
2020-02-19 15:03:40 INFO  - com.blg.rest.impl.OTDSRestService [pool-4-thread-1] - Get CSRF Token called
2020-02-19 15:03:40 INFO  - com.blg.rest.impl.OTDSRestService [pool-4-thread-1] - --> GET https://win-j5e1tgie6dq:8444/empower/resource/GetToken
2020-02-19 15:03:40 INFO  - com.blg.rest.impl.OTDSRestService [pool-4-thread-1] - Accept: application/json
2020-02-19 15:03:40 INFO  - com.blg.rest.impl.OTDSRestService [pool-4-thread-1] - Authorization: Bearer eyJraWQiOiJkMDkyOGFhOTA2MzQyNTYxMDk4NjU4NWJkOWEyMzZkNjQyOTZhYjk2IiwidHlwIjoiSldUIiwiYWxnIjoiUlMyNTYifQ.eyJzdWIiOiI4NGZjYmEzNi00M2M0LTRjYjgtOWFiMy1jYWEyMzg0NmQzNjciLCJzY3AiOltdLCJkbXAiOnsiT1REU19DUkVEU19BVVRIIjoidHJ1ZSIsIk9URFNfSEFTX1BBU1NXT1JEIjoiZmFsc2UifSwicnRpIjoiNWNiYTI5MTEtMGZjMS00ODkxLTk5OTMtZjhjODMwYjY0ZWI5Iiwic2F0IjoxNTgyMTIxMDE5LCJpc3MiOiJodHRwczovL3dpbi1qNWUxdGdpZTZkcTo4NDQzL290ZHN0ZW5hbnQvc3Ryc3RlbmFudC9vdGRzd3MiLCJncnQiOiJwYXNzd29yZCIsInR5cCI6ImFjY2Vzc190b2tlbiIsInBpZCI6InN0cnMucm9sZSIsInJpZCI6e30sInNpZCI6IjU5NTU4ZDE2LWE5MTMtNDQzMC05NGY2LThjMGU3ZmIwNzlhZSIsInVpZCI6InRlbmFudGFkbWluQHN0cnMucm9sZSIsInVubSI6InRlbmFudGFkbWluIiwibmFtZSI6IiIsImV4cCI6MTU4MjEyNDYyMCwiaWF0IjoxNTgyMTIxMDIwLCJqdGkiOiI0OTNhZDAwNi03OWUyLTRjYWUtODNjMC1kZjg2ODc2MDdiOTAiLCJjaWQiOiJFbXBvd2VyIn0.Y_EqwTTbamFiaVO_a_nnDCPjofZbICyE_e72hJxTPFEC6jnYOa6aIKAE6O7mU8wBwXdpCSKTv8eSB21QqIWTbcnP7ZUkP0SZX4mapdZ-T-PxTaoX_sVrHpszcdkM7vSYaJEK-FKd1WN34uPQLfbBYwMxSeSy6gsXjQicfv-4ql5015cYVTTRQRQt0zU8MdAWmn6z0EcPfzgvactsR0nifw5FfAtGXNQ_EHbnP6a0y4jdk2_GxaX5GSsXXmEgVf2cLzrL8Hq3flNpFgDkB2o-A5uTui_4Rgb2NbrWSqVqMxHS82inqdhmSO_ro5WQwZicwB-oYSH1qEaIrgLVHPRJqw
2020-02-19 15:03:40 INFO  - com.blg.rest.impl.OTDSRestService [pool-4-thread-1] - --> END GET
2020-02-19 15:03:41 INFO  - com.blg.rest.impl.OTDSRestService [pool-4-thread-1] - <-- 200 https://win-j5e1tgie6dq:8444/empower/resource/GetToken (907ms)
2020-02-19 15:03:41 INFO  - com.blg.rest.impl.OTDSRestService [pool-4-thread-1] - Set-Cookie: JSESSIONID=0BB80508B23BABEAA779E46F1D7975FD; Path=/empower; Secure; HttpOnly
2020-02-19 15:03:41 INFO  - com.blg.rest.impl.OTDSRestService [pool-4-thread-1] - Set-Cookie: XSRF-TOKEN=9342abc8-db2b-4650-9a32-4e03e117718c; Path=/empower
2020-02-19 15:03:41 INFO  - com.blg.rest.impl.OTDSRestService [pool-4-thread-1] - Pragma: no-cache
2020-02-19 15:03:41 INFO  - com.blg.rest.impl.OTDSRestService [pool-4-thread-1] - Cache-Control: no-store,no-cache,must-revalidate,max-age=0,s-maxage=0,post-check=0,pre-check=0
2020-02-19 15:03:41 INFO  - com.blg.rest.impl.OTDSRestService [pool-4-thread-1] - Expires: 0
2020-02-19 15:03:41 INFO  - com.blg.rest.impl.OTDSRestService [pool-4-thread-1] - Strict-Transport-Security: max-age=31536000 ; includeSubDomains
2020-02-19 15:03:41 INFO  - com.blg.rest.impl.OTDSRestService [pool-4-thread-1] - X-XSS-Protection: 1; mode=block
2020-02-19 15:03:41 INFO  - com.blg.rest.impl.OTDSRestService [pool-4-thread-1] - X-Frame-Options: DENY
2020-02-19 15:03:41 INFO  - com.blg.rest.impl.OTDSRestService [pool-4-thread-1] - Content-Type: application/json
2020-02-19 15:03:41 INFO  - com.blg.rest.impl.OTDSRestService [pool-4-thread-1] - Content-Length: 179
2020-02-19 15:03:41 INFO  - com.blg.rest.impl.OTDSRestService [pool-4-thread-1] - Date: Wed, 19 Feb 2020 14:03:41 GMT
2020-02-19 15:03:41 INFO  - com.blg.rest.impl.OTDSRestService [pool-4-thread-1] - <-- END HTTP
2020-02-19 15:03:41 DEBUG - com.blg.rest.impl.OTDSRestService [pool-4-thread-1] - Get CSRF Token. Response is successful.
2020-02-19 15:03:41 DEBUG - com.blg.rest.impl.OTDSRestService [pool-4-thread-1] - Get CSRF Token. Token Received from server
2020-02-19 15:03:41 INFO  - com.blg.rest.impl.OTDSRestService [pool-4-thread-1] - Export file::  DocID : 82e9fa16-d961-42e9-8243-70230480f7bf, preserveDoc : true
2020-02-19 15:03:41 INFO  - com.blg.rest.impl.OTDSRestService [pool-4-thread-1] - --> POST https://win-j5e1tgie6dq:8444/empower/resource/documents/82e9fa16-d961-42e9-8243-70230480f7bf/export
2020-02-19 15:03:41 INFO  - com.blg.rest.impl.OTDSRestService [pool-4-thread-1] - Content-Type: application/x-www-form-urlencoded
2020-02-19 15:03:41 INFO  - com.blg.rest.impl.OTDSRestService [pool-4-thread-1] - Content-Length: 16
2020-02-19 15:03:41 INFO  - com.blg.rest.impl.OTDSRestService [pool-4-thread-1] - X-CSRF-TOKEN: 9342abc8-db2b-4650-9a32-4e03e117718c
2020-02-19 15:03:41 INFO  - com.blg.rest.impl.OTDSRestService [pool-4-thread-1] - Cookie: XSRF-TOKEN=9342abc8-db2b-4650-9a32-4e03e117718c; Path=/empower
2020-02-19 15:03:41 INFO  - com.blg.rest.impl.OTDSRestService [pool-4-thread-1] - Cookie: JSESSIONID=0BB80508B23BABEAA779E46F1D7975FD; Path=/empower; Secure; HttpOnly
2020-02-19 15:03:41 INFO  - com.blg.rest.impl.OTDSRestService [pool-4-thread-1] - --> END POST
2020-02-19 15:03:41 INFO  - com.blg.rest.impl.OTDSRestService [pool-4-thread-1] - <-- 200 https://win-j5e1tgie6dq:8444/empower/resource/documents/82e9fa16-d961-42e9-8243-70230480f7bf/export (267ms)
2020-02-19 15:03:41 INFO  - com.blg.rest.impl.OTDSRestService [pool-4-thread-1] - Set-Cookie: XSRF-TOKEN=9342abc8-db2b-4650-9a32-4e03e117718c; Path=/empower
2020-02-19 15:03:41 INFO  - com.blg.rest.impl.OTDSRestService [pool-4-thread-1] - Pragma: no-cache
2020-02-19 15:03:41 INFO  - com.blg.rest.impl.OTDSRestService [pool-4-thread-1] - Cache-Control: no-store,no-cache,must-revalidate,max-age=0,s-maxage=0,post-check=0,pre-check=0
2020-02-19 15:03:41 INFO  - com.blg.rest.impl.OTDSRestService [pool-4-thread-1] - Expires: 0
2020-02-19 15:03:41 INFO  - com.blg.rest.impl.OTDSRestService [pool-4-thread-1] - content-disposition: inline;filename=WelcomeLetter.mpw
2020-02-19 15:03:41 INFO  - com.blg.rest.impl.OTDSRestService [pool-4-thread-1] - Strict-Transport-Security: max-age=31536000 ; includeSubDomains
2020-02-19 15:03:41 INFO  - com.blg.rest.impl.OTDSRestService [pool-4-thread-1] - X-XSS-Protection: 1; mode=block
2020-02-19 15:03:41 INFO  - com.blg.rest.impl.OTDSRestService [pool-4-thread-1] - X-Frame-Options: DENY
2020-02-19 15:03:41 INFO  - com.blg.rest.impl.OTDSRestService [pool-4-thread-1] - Content-Type: application/octet-stream
2020-02-19 15:03:41 INFO  - com.blg.rest.impl.OTDSRestService [pool-4-thread-1] - Transfer-Encoding: chunked
2020-02-19 15:03:41 INFO  - com.blg.rest.impl.OTDSRestService [pool-4-thread-1] - Date: Wed, 19 Feb 2020 14:03:41 GMT
2020-02-19 15:03:41 INFO  - com.blg.rest.impl.OTDSRestService [pool-4-thread-1] - <-- END HTTP
2020-02-19 15:03:41 DEBUG - com.blg.rest.impl.OTDSRestService [pool-4-thread-1] - Skipping the retrieval of cookies from response
2020-02-19 15:03:41 DEBUG - com.blg.rest.impl.OTDSRestService [pool-4-thread-1] - Export Document 82e9fa16-d961-42e9-8243-70230480f7bf. Response is successful.
2020-02-19 15:03:42 INFO  - com.blg.config.ConfigurationManager [main] - Set lastExportMillis Filter using key :  lastExportKey 
2020-02-19 15:04:12 DEBUG - com.blg.app.ExportApplication [main] -  Export Iteration Number : 3
2020-02-19 15:04:12 INFO  - com.blg.app.Application [main] - Last Export Date : Wed Feb 19 14:59:10 CET 2020
2020-02-19 15:04:12 INFO  - com.blg.app.ExportApplication [main] - Number of docs to Export : 1
2020-02-19 15:04:12 DEBUG - com.blg.app.exporter.task.ExporterTask [pool-5-thread-1] - Export 82e9fa16-d961-42e9-8243-70230480f7bf to C:\temp\exstream\export\WelcomeLetter_Mujahid.mpw
2020-02-19 15:04:12 DEBUG - com.blg.app.exporter.task.ExporterTask [pool-5-thread-1] - Refreshing authToken
2020-02-19 15:04:12 INFO  - com.blg.config.ConfigurationManager [pool-5-thread-1] - Get Empower User using key :  EmpowerUser 
2020-02-19 15:04:12 INFO  - com.blg.config.ConfigurationManager [pool-5-thread-1] - Get Empower User's Password using key :  EmpowerUserPassword 
2020-02-19 15:04:12 INFO  - com.blg.config.ConfigurationManager [pool-5-thread-1] - Get OTDS BASE_URL using key :  OtdsBaseURL 
2020-02-19 15:04:12 INFO  - com.blg.config.ConfigurationManager [pool-5-thread-1] - Get Interceptor Log Level using key :  RestLogLevel 
2020-02-19 15:04:12 INFO  - com.blg.rest.impl.OTDSRestService [pool-5-thread-1] - Authenticating tenantadmin 
2020-02-19 15:04:12 INFO  - com.blg.config.ConfigurationManager [pool-5-thread-1] - Get Client ID using key :  ClientID 
2020-02-19 15:04:12 INFO  - com.blg.config.ConfigurationManager [pool-5-thread-1] - Get Client Secret using key :  ClientSecret 
2020-02-19 15:04:12 INFO  - com.blg.config.ConfigurationManager [pool-5-thread-1] - Get Grant Type using key :  GrantType 
2020-02-19 15:04:12 INFO  - com.blg.rest.impl.OTDSRestService [pool-5-thread-1] - --> POST https://win-j5e1tgie6dq:8443/otdstenant/strstenant/otdsws/login
2020-02-19 15:04:12 INFO  - com.blg.rest.impl.OTDSRestService [pool-5-thread-1] - Content-Type: application/x-www-form-urlencoded
2020-02-19 15:04:12 INFO  - com.blg.rest.impl.OTDSRestService [pool-5-thread-1] - Content-Length: 125
2020-02-19 15:04:12 INFO  - com.blg.rest.impl.OTDSRestService [pool-5-thread-1] - Accept: application/json
2020-02-19 15:04:12 INFO  - com.blg.rest.impl.OTDSRestService [pool-5-thread-1] - --> END POST
2020-02-19 15:04:13 INFO  - com.blg.rest.impl.OTDSRestService [pool-5-thread-1] - <-- 200 https://win-j5e1tgie6dq:8443/otdstenant/strstenant/otdsws/login (1469ms)
2020-02-19 15:04:13 INFO  - com.blg.rest.impl.OTDSRestService [pool-5-thread-1] - Cache-Control: no-cache, no-store
2020-02-19 15:04:13 INFO  - com.blg.rest.impl.OTDSRestService [pool-5-thread-1] - Content-Type: application/json
2020-02-19 15:04:13 INFO  - com.blg.rest.impl.OTDSRestService [pool-5-thread-1] - Transfer-Encoding: chunked
2020-02-19 15:04:13 INFO  - com.blg.rest.impl.OTDSRestService [pool-5-thread-1] - Date: Wed, 19 Feb 2020 14:04:13 GMT
2020-02-19 15:04:13 INFO  - com.blg.rest.impl.OTDSRestService [pool-5-thread-1] - <-- END HTTP
2020-02-19 15:04:13 DEBUG - com.blg.rest.impl.OTDSRestService [pool-5-thread-1] - Authenticating tenantadmin. Response is successful.
2020-02-19 15:04:13 DEBUG - com.blg.rest.impl.OTDSRestService [pool-5-thread-1] - Authenticating tenantadmin. Token Received : eyJraWQiOiJkMDkyOGFhOTA2MzQyNTYxMDk4NjU4NWJkOWEyMzZkNjQyOTZhYjk2IiwidHlwIjoiSldUIiwiYWxnIjoiUlMyNTYifQ.eyJzdWIiOiI4NGZjYmEzNi00M2M0LTRjYjgtOWFiMy1jYWEyMzg0NmQzNjciLCJzY3AiOltdLCJkbXAiOnsiT1REU19DUkVEU19BVVRIIjoidHJ1ZSIsIk9URFNfSEFTX1BBU1NXT1JEIjoiZmFsc2UifSwicnRpIjoiM2IwMGJmNzItYTIwNy00NmQwLTliY2ItNjIxYTdkZmY3M2EyIiwic2F0IjoxNTgyMTIxMDUyLCJpc3MiOiJodHRwczovL3dpbi1qNWUxdGdpZTZkcTo4NDQzL290ZHN0ZW5hbnQvc3Ryc3RlbmFudC9vdGRzd3MiLCJncnQiOiJwYXNzd29yZCIsInR5cCI6ImFjY2Vzc190b2tlbiIsInBpZCI6InN0cnMucm9sZSIsInJpZCI6e30sInNpZCI6ImYxNTNkNDIxLWFkNzctNGZlYi1hNDRiLWZkNWIzNGMyYTYzZCIsInVpZCI6InRlbmFudGFkbWluQHN0cnMucm9sZSIsInVubSI6InRlbmFudGFkbWluIiwibmFtZSI6IiIsImV4cCI6MTU4MjEyNDY1MiwiaWF0IjoxNTgyMTIxMDUyLCJqdGkiOiIxNTRiNGQ1MS1lNDhkLTRhOTItOWZjOS1lMjhlYTMxZjNhOTMiLCJjaWQiOiJFbXBvd2VyIn0.bI8HvGwgi_9HK65vQjZ5Mp-ZRXTydtkPtu98NhXCo3wFSTpQVruwuKlTiwFGQ15ZJja0q8pQwY2efQy3Z9FOKQl8MUUMZN5mcyHr6BflDCX3t56SUViapHg4x2lRVvY0ensXbaIbJ58Qx06zPRAGzCCJadVYqEwM_ln9iSWXiJt7iE3dI6e7v1Vprl3E0mz-oC7SQYGf4vTFSJQrgkI5py0AOVPK-Z_xMaO3m0gJpYGYIwmC3U2gwr0r1g_Cx1SumggrRmhktZnJBkaKDTS5sPbVkxQ1zq1-zW59tY6UMP-XrlFct2WekcIkQOY44vmfE_pwfbMbVWmrTi0R4MVG6g
2020-02-19 15:04:13 INFO  - com.blg.config.ConfigurationManager [pool-5-thread-1] - Get Empower BASE_URL using key :  EmpowerBaseURL 
2020-02-19 15:04:13 INFO  - com.blg.config.ConfigurationManager [pool-5-thread-1] - Get Interceptor Log Level using key :  RestLogLevel 
2020-02-19 15:04:13 INFO  - com.blg.rest.impl.OTDSRestService [pool-5-thread-1] - Get CSRF Token called
2020-02-19 15:04:13 INFO  - com.blg.rest.impl.OTDSRestService [pool-5-thread-1] - --> GET https://win-j5e1tgie6dq:8444/empower/resource/GetToken
2020-02-19 15:04:13 INFO  - com.blg.rest.impl.OTDSRestService [pool-5-thread-1] - Accept: application/json
2020-02-19 15:04:13 INFO  - com.blg.rest.impl.OTDSRestService [pool-5-thread-1] - Authorization: Bearer eyJraWQiOiJkMDkyOGFhOTA2MzQyNTYxMDk4NjU4NWJkOWEyMzZkNjQyOTZhYjk2IiwidHlwIjoiSldUIiwiYWxnIjoiUlMyNTYifQ.eyJzdWIiOiI4NGZjYmEzNi00M2M0LTRjYjgtOWFiMy1jYWEyMzg0NmQzNjciLCJzY3AiOltdLCJkbXAiOnsiT1REU19DUkVEU19BVVRIIjoidHJ1ZSIsIk9URFNfSEFTX1BBU1NXT1JEIjoiZmFsc2UifSwicnRpIjoiM2IwMGJmNzItYTIwNy00NmQwLTliY2ItNjIxYTdkZmY3M2EyIiwic2F0IjoxNTgyMTIxMDUyLCJpc3MiOiJodHRwczovL3dpbi1qNWUxdGdpZTZkcTo4NDQzL290ZHN0ZW5hbnQvc3Ryc3RlbmFudC9vdGRzd3MiLCJncnQiOiJwYXNzd29yZCIsInR5cCI6ImFjY2Vzc190b2tlbiIsInBpZCI6InN0cnMucm9sZSIsInJpZCI6e30sInNpZCI6ImYxNTNkNDIxLWFkNzctNGZlYi1hNDRiLWZkNWIzNGMyYTYzZCIsInVpZCI6InRlbmFudGFkbWluQHN0cnMucm9sZSIsInVubSI6InRlbmFudGFkbWluIiwibmFtZSI6IiIsImV4cCI6MTU4MjEyNDY1MiwiaWF0IjoxNTgyMTIxMDUyLCJqdGkiOiIxNTRiNGQ1MS1lNDhkLTRhOTItOWZjOS1lMjhlYTMxZjNhOTMiLCJjaWQiOiJFbXBvd2VyIn0.bI8HvGwgi_9HK65vQjZ5Mp-ZRXTydtkPtu98NhXCo3wFSTpQVruwuKlTiwFGQ15ZJja0q8pQwY2efQy3Z9FOKQl8MUUMZN5mcyHr6BflDCX3t56SUViapHg4x2lRVvY0ensXbaIbJ58Qx06zPRAGzCCJadVYqEwM_ln9iSWXiJt7iE3dI6e7v1Vprl3E0mz-oC7SQYGf4vTFSJQrgkI5py0AOVPK-Z_xMaO3m0gJpYGYIwmC3U2gwr0r1g_Cx1SumggrRmhktZnJBkaKDTS5sPbVkxQ1zq1-zW59tY6UMP-XrlFct2WekcIkQOY44vmfE_pwfbMbVWmrTi0R4MVG6g
2020-02-19 15:04:13 INFO  - com.blg.rest.impl.OTDSRestService [pool-5-thread-1] - --> END GET
2020-02-19 15:04:14 INFO  - com.blg.rest.impl.OTDSRestService [pool-5-thread-1] - <-- 200 https://win-j5e1tgie6dq:8444/empower/resource/GetToken (821ms)
2020-02-19 15:04:14 INFO  - com.blg.rest.impl.OTDSRestService [pool-5-thread-1] - Set-Cookie: JSESSIONID=3851C76180CBD75DA9C70805B75D4127; Path=/empower; Secure; HttpOnly
2020-02-19 15:04:14 INFO  - com.blg.rest.impl.OTDSRestService [pool-5-thread-1] - Set-Cookie: XSRF-TOKEN=4056b879-b43e-4eff-82f0-ca49bfe138ca; Path=/empower
2020-02-19 15:04:14 INFO  - com.blg.rest.impl.OTDSRestService [pool-5-thread-1] - Pragma: no-cache
2020-02-19 15:04:14 INFO  - com.blg.rest.impl.OTDSRestService [pool-5-thread-1] - Cache-Control: no-store,no-cache,must-revalidate,max-age=0,s-maxage=0,post-check=0,pre-check=0
2020-02-19 15:04:14 INFO  - com.blg.rest.impl.OTDSRestService [pool-5-thread-1] - Expires: 0
2020-02-19 15:04:14 INFO  - com.blg.rest.impl.OTDSRestService [pool-5-thread-1] - Strict-Transport-Security: max-age=31536000 ; includeSubDomains
2020-02-19 15:04:14 INFO  - com.blg.rest.impl.OTDSRestService [pool-5-thread-1] - X-XSS-Protection: 1; mode=block
2020-02-19 15:04:14 INFO  - com.blg.rest.impl.OTDSRestService [pool-5-thread-1] - X-Frame-Options: DENY
2020-02-19 15:04:14 INFO  - com.blg.rest.impl.OTDSRestService [pool-5-thread-1] - Content-Type: application/json
2020-02-19 15:04:14 INFO  - com.blg.rest.impl.OTDSRestService [pool-5-thread-1] - Content-Length: 179
2020-02-19 15:04:14 INFO  - com.blg.rest.impl.OTDSRestService [pool-5-thread-1] - Date: Wed, 19 Feb 2020 14:04:14 GMT
2020-02-19 15:04:14 INFO  - com.blg.rest.impl.OTDSRestService [pool-5-thread-1] - <-- END HTTP
2020-02-19 15:04:14 DEBUG - com.blg.rest.impl.OTDSRestService [pool-5-thread-1] - Get CSRF Token. Response is successful.
2020-02-19 15:04:14 DEBUG - com.blg.rest.impl.OTDSRestService [pool-5-thread-1] - Get CSRF Token. Token Received from server
2020-02-19 15:04:14 INFO  - com.blg.rest.impl.OTDSRestService [pool-5-thread-1] - Export file::  DocID : 82e9fa16-d961-42e9-8243-70230480f7bf, preserveDoc : true
2020-02-19 15:04:14 INFO  - com.blg.rest.impl.OTDSRestService [pool-5-thread-1] - --> POST https://win-j5e1tgie6dq:8444/empower/resource/documents/82e9fa16-d961-42e9-8243-70230480f7bf/export
2020-02-19 15:04:14 INFO  - com.blg.rest.impl.OTDSRestService [pool-5-thread-1] - Content-Type: application/x-www-form-urlencoded
2020-02-19 15:04:14 INFO  - com.blg.rest.impl.OTDSRestService [pool-5-thread-1] - Content-Length: 16
2020-02-19 15:04:14 INFO  - com.blg.rest.impl.OTDSRestService [pool-5-thread-1] - X-CSRF-TOKEN: 4056b879-b43e-4eff-82f0-ca49bfe138ca
2020-02-19 15:04:14 INFO  - com.blg.rest.impl.OTDSRestService [pool-5-thread-1] - Cookie: JSESSIONID=3851C76180CBD75DA9C70805B75D4127; Path=/empower; Secure; HttpOnly
2020-02-19 15:04:14 INFO  - com.blg.rest.impl.OTDSRestService [pool-5-thread-1] - Cookie: XSRF-TOKEN=4056b879-b43e-4eff-82f0-ca49bfe138ca; Path=/empower
2020-02-19 15:04:14 INFO  - com.blg.rest.impl.OTDSRestService [pool-5-thread-1] - --> END POST
2020-02-19 15:04:14 INFO  - com.blg.rest.impl.OTDSRestService [pool-5-thread-1] - <-- 200 https://win-j5e1tgie6dq:8444/empower/resource/documents/82e9fa16-d961-42e9-8243-70230480f7bf/export (209ms)
2020-02-19 15:04:14 INFO  - com.blg.rest.impl.OTDSRestService [pool-5-thread-1] - Set-Cookie: XSRF-TOKEN=4056b879-b43e-4eff-82f0-ca49bfe138ca; Path=/empower
2020-02-19 15:04:14 INFO  - com.blg.rest.impl.OTDSRestService [pool-5-thread-1] - Pragma: no-cache
2020-02-19 15:04:14 INFO  - com.blg.rest.impl.OTDSRestService [pool-5-thread-1] - Cache-Control: no-store,no-cache,must-revalidate,max-age=0,s-maxage=0,post-check=0,pre-check=0
2020-02-19 15:04:14 INFO  - com.blg.rest.impl.OTDSRestService [pool-5-thread-1] - Expires: 0
2020-02-19 15:04:14 INFO  - com.blg.rest.impl.OTDSRestService [pool-5-thread-1] - content-disposition: inline;filename=WelcomeLetter.mpw
2020-02-19 15:04:14 INFO  - com.blg.rest.impl.OTDSRestService [pool-5-thread-1] - Strict-Transport-Security: max-age=31536000 ; includeSubDomains
2020-02-19 15:04:14 INFO  - com.blg.rest.impl.OTDSRestService [pool-5-thread-1] - X-XSS-Protection: 1; mode=block
2020-02-19 15:04:14 INFO  - com.blg.rest.impl.OTDSRestService [pool-5-thread-1] - X-Frame-Options: DENY
2020-02-19 15:04:14 INFO  - com.blg.rest.impl.OTDSRestService [pool-5-thread-1] - Content-Type: application/octet-stream
2020-02-19 15:04:14 INFO  - com.blg.rest.impl.OTDSRestService [pool-5-thread-1] - Transfer-Encoding: chunked
2020-02-19 15:04:14 INFO  - com.blg.rest.impl.OTDSRestService [pool-5-thread-1] - Date: Wed, 19 Feb 2020 14:04:14 GMT
2020-02-19 15:04:14 INFO  - com.blg.rest.impl.OTDSRestService [pool-5-thread-1] - <-- END HTTP
2020-02-19 15:04:14 DEBUG - com.blg.rest.impl.OTDSRestService [pool-5-thread-1] - Skipping the retrieval of cookies from response
2020-02-19 15:04:14 DEBUG - com.blg.rest.impl.OTDSRestService [pool-5-thread-1] - Export Document 82e9fa16-d961-42e9-8243-70230480f7bf. Response is successful.
2020-02-19 15:04:14 INFO  - com.blg.config.ConfigurationManager [main] - Set lastExportMillis Filter using key :  lastExportKey 
2020-02-19 15:04:44 DEBUG - com.blg.app.ExportApplication [main] -  Export Iteration Number : 4
2020-02-19 15:04:44 INFO  - com.blg.app.Application [main] - Last Export Date : Wed Feb 19 14:59:10 CET 2020
2020-02-19 15:04:44 INFO  - com.blg.app.ExportApplication [main] - Number of docs to Export : 1
2020-02-19 15:04:44 DEBUG - com.blg.app.exporter.task.ExporterTask [pool-6-thread-1] - Export 82e9fa16-d961-42e9-8243-70230480f7bf to C:\temp\exstream\export\WelcomeLetter_Mujahid.mpw
2020-02-19 15:04:44 DEBUG - com.blg.app.exporter.task.ExporterTask [pool-6-thread-1] - Refreshing authToken
2020-02-19 15:04:44 INFO  - com.blg.config.ConfigurationManager [pool-6-thread-1] - Get Empower User using key :  EmpowerUser 
2020-02-19 15:04:44 INFO  - com.blg.config.ConfigurationManager [pool-6-thread-1] - Get Empower User's Password using key :  EmpowerUserPassword 
2020-02-19 15:04:44 INFO  - com.blg.config.ConfigurationManager [pool-6-thread-1] - Get OTDS BASE_URL using key :  OtdsBaseURL 
2020-02-19 15:04:44 INFO  - com.blg.config.ConfigurationManager [pool-6-thread-1] - Get Interceptor Log Level using key :  RestLogLevel 
2020-02-19 15:04:44 INFO  - com.blg.rest.impl.OTDSRestService [pool-6-thread-1] - Authenticating tenantadmin 
2020-02-19 15:04:44 INFO  - com.blg.config.ConfigurationManager [pool-6-thread-1] - Get Client ID using key :  ClientID 
2020-02-19 15:04:44 INFO  - com.blg.config.ConfigurationManager [pool-6-thread-1] - Get Client Secret using key :  ClientSecret 
2020-02-19 15:04:44 INFO  - com.blg.config.ConfigurationManager [pool-6-thread-1] - Get Grant Type using key :  GrantType 
2020-02-19 15:04:44 INFO  - com.blg.rest.impl.OTDSRestService [pool-6-thread-1] - --> POST https://win-j5e1tgie6dq:8443/otdstenant/strstenant/otdsws/login
2020-02-19 15:04:44 INFO  - com.blg.rest.impl.OTDSRestService [pool-6-thread-1] - Content-Type: application/x-www-form-urlencoded
2020-02-19 15:04:44 INFO  - com.blg.rest.impl.OTDSRestService [pool-6-thread-1] - Content-Length: 125
2020-02-19 15:04:44 INFO  - com.blg.rest.impl.OTDSRestService [pool-6-thread-1] - Accept: application/json
2020-02-19 15:04:44 INFO  - com.blg.rest.impl.OTDSRestService [pool-6-thread-1] - --> END POST
2020-02-19 15:04:45 INFO  - com.blg.rest.impl.OTDSRestService [pool-6-thread-1] - <-- 200 https://win-j5e1tgie6dq:8443/otdstenant/strstenant/otdsws/login (1190ms)
2020-02-19 15:04:45 INFO  - com.blg.rest.impl.OTDSRestService [pool-6-thread-1] - Cache-Control: no-cache, no-store
2020-02-19 15:04:45 INFO  - com.blg.rest.impl.OTDSRestService [pool-6-thread-1] - Content-Type: application/json
2020-02-19 15:04:45 INFO  - com.blg.rest.impl.OTDSRestService [pool-6-thread-1] - Transfer-Encoding: chunked
2020-02-19 15:04:45 INFO  - com.blg.rest.impl.OTDSRestService [pool-6-thread-1] - Date: Wed, 19 Feb 2020 14:04:45 GMT
2020-02-19 15:04:45 INFO  - com.blg.rest.impl.OTDSRestService [pool-6-thread-1] - <-- END HTTP
2020-02-19 15:04:45 DEBUG - com.blg.rest.impl.OTDSRestService [pool-6-thread-1] - Authenticating tenantadmin. Response is successful.
2020-02-19 15:04:45 DEBUG - com.blg.rest.impl.OTDSRestService [pool-6-thread-1] - Authenticating tenantadmin. Token Received : eyJraWQiOiJkMDkyOGFhOTA2MzQyNTYxMDk4NjU4NWJkOWEyMzZkNjQyOTZhYjk2IiwidHlwIjoiSldUIiwiYWxnIjoiUlMyNTYifQ.eyJzdWIiOiI4NGZjYmEzNi00M2M0LTRjYjgtOWFiMy1jYWEyMzg0NmQzNjciLCJzY3AiOltdLCJkbXAiOnsiT1REU19DUkVEU19BVVRIIjoidHJ1ZSIsIk9URFNfSEFTX1BBU1NXT1JEIjoiZmFsc2UifSwicnRpIjoiMTY3MWQ0OWUtMGMwNi00MTkzLTljZmQtNGMzNTk3YTA1ZTQzIiwic2F0IjoxNTgyMTIxMDg1LCJpc3MiOiJodHRwczovL3dpbi1qNWUxdGdpZTZkcTo4NDQzL290ZHN0ZW5hbnQvc3Ryc3RlbmFudC9vdGRzd3MiLCJncnQiOiJwYXNzd29yZCIsInR5cCI6ImFjY2Vzc190b2tlbiIsInBpZCI6InN0cnMucm9sZSIsInJpZCI6e30sInNpZCI6ImY3YmE4NTg1LTg4MTktNDE1Mi1hYTMwLTUwNDUwNzk1ZDAzOCIsInVpZCI6InRlbmFudGFkbWluQHN0cnMucm9sZSIsInVubSI6InRlbmFudGFkbWluIiwibmFtZSI6IiIsImV4cCI6MTU4MjEyNDY4NSwiaWF0IjoxNTgyMTIxMDg1LCJqdGkiOiIwN2FhN2U4NS03NDNjLTQ3ZTgtYjA2Ny1kYmRjZmIxYjA0MGQiLCJjaWQiOiJFbXBvd2VyIn0.VZi4YiCagnba5pK8Pk_tNqWSFe7y5Jwr7DaDe2TWgSRjQMfvVhAUDYfl6oMJOxXVx9AXM9YmT_MEcdSnyCco2Lhj91tNa1QzW0py1MuDhHHfeFAuWgOBxZxWwiEmBsvu8jlUdfqV4W7PvY1ijg6_-rnEwOJVzZf40XQ3J5HgqZAV49G2ACvCKS_GvChnRSmhm_wvuwr_lzbJ8MnLXu6ElEWh0IfOavNao4o6hMLtY3GrrLV3k4pbtUUskbW8t7h2re2-irJ2SU5qHyYhScvcuBv3URU2hA3T7dW_vxcHKmGZRcI_HvVwiwTaoSG7thLYFzkUa3CdhSkvbTJw7Vfzng
2020-02-19 15:04:45 INFO  - com.blg.config.ConfigurationManager [pool-6-thread-1] - Get Empower BASE_URL using key :  EmpowerBaseURL 
2020-02-19 15:04:45 INFO  - com.blg.config.ConfigurationManager [pool-6-thread-1] - Get Interceptor Log Level using key :  RestLogLevel 
2020-02-19 15:04:45 INFO  - com.blg.rest.impl.OTDSRestService [pool-6-thread-1] - Get CSRF Token called
2020-02-19 15:04:45 INFO  - com.blg.rest.impl.OTDSRestService [pool-6-thread-1] - --> GET https://win-j5e1tgie6dq:8444/empower/resource/GetToken
2020-02-19 15:04:45 INFO  - com.blg.rest.impl.OTDSRestService [pool-6-thread-1] - Accept: application/json
2020-02-19 15:04:45 INFO  - com.blg.rest.impl.OTDSRestService [pool-6-thread-1] - Authorization: Bearer eyJraWQiOiJkMDkyOGFhOTA2MzQyNTYxMDk4NjU4NWJkOWEyMzZkNjQyOTZhYjk2IiwidHlwIjoiSldUIiwiYWxnIjoiUlMyNTYifQ.eyJzdWIiOiI4NGZjYmEzNi00M2M0LTRjYjgtOWFiMy1jYWEyMzg0NmQzNjciLCJzY3AiOltdLCJkbXAiOnsiT1REU19DUkVEU19BVVRIIjoidHJ1ZSIsIk9URFNfSEFTX1BBU1NXT1JEIjoiZmFsc2UifSwicnRpIjoiMTY3MWQ0OWUtMGMwNi00MTkzLTljZmQtNGMzNTk3YTA1ZTQzIiwic2F0IjoxNTgyMTIxMDg1LCJpc3MiOiJodHRwczovL3dpbi1qNWUxdGdpZTZkcTo4NDQzL290ZHN0ZW5hbnQvc3Ryc3RlbmFudC9vdGRzd3MiLCJncnQiOiJwYXNzd29yZCIsInR5cCI6ImFjY2Vzc190b2tlbiIsInBpZCI6InN0cnMucm9sZSIsInJpZCI6e30sInNpZCI6ImY3YmE4NTg1LTg4MTktNDE1Mi1hYTMwLTUwNDUwNzk1ZDAzOCIsInVpZCI6InRlbmFudGFkbWluQHN0cnMucm9sZSIsInVubSI6InRlbmFudGFkbWluIiwibmFtZSI6IiIsImV4cCI6MTU4MjEyNDY4NSwiaWF0IjoxNTgyMTIxMDg1LCJqdGkiOiIwN2FhN2U4NS03NDNjLTQ3ZTgtYjA2Ny1kYmRjZmIxYjA0MGQiLCJjaWQiOiJFbXBvd2VyIn0.VZi4YiCagnba5pK8Pk_tNqWSFe7y5Jwr7DaDe2TWgSRjQMfvVhAUDYfl6oMJOxXVx9AXM9YmT_MEcdSnyCco2Lhj91tNa1QzW0py1MuDhHHfeFAuWgOBxZxWwiEmBsvu8jlUdfqV4W7PvY1ijg6_-rnEwOJVzZf40XQ3J5HgqZAV49G2ACvCKS_GvChnRSmhm_wvuwr_lzbJ8MnLXu6ElEWh0IfOavNao4o6hMLtY3GrrLV3k4pbtUUskbW8t7h2re2-irJ2SU5qHyYhScvcuBv3URU2hA3T7dW_vxcHKmGZRcI_HvVwiwTaoSG7thLYFzkUa3CdhSkvbTJw7Vfzng
2020-02-19 15:04:45 INFO  - com.blg.rest.impl.OTDSRestService [pool-6-thread-1] - --> END GET
2020-02-19 15:04:46 INFO  - com.blg.rest.impl.OTDSRestService [pool-6-thread-1] - <-- 200 https://win-j5e1tgie6dq:8444/empower/resource/GetToken (669ms)
2020-02-19 15:04:46 INFO  - com.blg.rest.impl.OTDSRestService [pool-6-thread-1] - Set-Cookie: JSESSIONID=6C6942FCE0B2C512B045D565F7049D78; Path=/empower; Secure; HttpOnly
2020-02-19 15:04:46 INFO  - com.blg.rest.impl.OTDSRestService [pool-6-thread-1] - Set-Cookie: XSRF-TOKEN=27693e39-5c6e-4de5-8831-e1bd41a26968; Path=/empower
2020-02-19 15:04:46 INFO  - com.blg.rest.impl.OTDSRestService [pool-6-thread-1] - Pragma: no-cache
2020-02-19 15:04:46 INFO  - com.blg.rest.impl.OTDSRestService [pool-6-thread-1] - Cache-Control: no-store,no-cache,must-revalidate,max-age=0,s-maxage=0,post-check=0,pre-check=0
2020-02-19 15:04:46 INFO  - com.blg.rest.impl.OTDSRestService [pool-6-thread-1] - Expires: 0
2020-02-19 15:04:46 INFO  - com.blg.rest.impl.OTDSRestService [pool-6-thread-1] - Strict-Transport-Security: max-age=31536000 ; includeSubDomains
2020-02-19 15:04:46 INFO  - com.blg.rest.impl.OTDSRestService [pool-6-thread-1] - X-XSS-Protection: 1; mode=block
2020-02-19 15:04:46 INFO  - com.blg.rest.impl.OTDSRestService [pool-6-thread-1] - X-Frame-Options: DENY
2020-02-19 15:04:46 INFO  - com.blg.rest.impl.OTDSRestService [pool-6-thread-1] - Content-Type: application/json
2020-02-19 15:04:46 INFO  - com.blg.rest.impl.OTDSRestService [pool-6-thread-1] - Content-Length: 179
2020-02-19 15:04:46 INFO  - com.blg.rest.impl.OTDSRestService [pool-6-thread-1] - Date: Wed, 19 Feb 2020 14:04:46 GMT
2020-02-19 15:04:46 INFO  - com.blg.rest.impl.OTDSRestService [pool-6-thread-1] - <-- END HTTP
2020-02-19 15:04:46 DEBUG - com.blg.rest.impl.OTDSRestService [pool-6-thread-1] - Get CSRF Token. Response is successful.
2020-02-19 15:04:46 DEBUG - com.blg.rest.impl.OTDSRestService [pool-6-thread-1] - Get CSRF Token. Token Received from server
2020-02-19 15:04:46 INFO  - com.blg.rest.impl.OTDSRestService [pool-6-thread-1] - Export file::  DocID : 82e9fa16-d961-42e9-8243-70230480f7bf, preserveDoc : true
2020-02-19 15:04:46 INFO  - com.blg.rest.impl.OTDSRestService [pool-6-thread-1] - --> POST https://win-j5e1tgie6dq:8444/empower/resource/documents/82e9fa16-d961-42e9-8243-70230480f7bf/export
2020-02-19 15:04:46 INFO  - com.blg.rest.impl.OTDSRestService [pool-6-thread-1] - Content-Type: application/x-www-form-urlencoded
2020-02-19 15:04:46 INFO  - com.blg.rest.impl.OTDSRestService [pool-6-thread-1] - Content-Length: 16
2020-02-19 15:04:46 INFO  - com.blg.rest.impl.OTDSRestService [pool-6-thread-1] - X-CSRF-TOKEN: 27693e39-5c6e-4de5-8831-e1bd41a26968
2020-02-19 15:04:46 INFO  - com.blg.rest.impl.OTDSRestService [pool-6-thread-1] - Cookie: XSRF-TOKEN=27693e39-5c6e-4de5-8831-e1bd41a26968; Path=/empower
2020-02-19 15:04:46 INFO  - com.blg.rest.impl.OTDSRestService [pool-6-thread-1] - Cookie: JSESSIONID=6C6942FCE0B2C512B045D565F7049D78; Path=/empower; Secure; HttpOnly
2020-02-19 15:04:46 INFO  - com.blg.rest.impl.OTDSRestService [pool-6-thread-1] - --> END POST
2020-02-19 15:04:46 INFO  - com.blg.rest.impl.OTDSRestService [pool-6-thread-1] - <-- 200 https://win-j5e1tgie6dq:8444/empower/resource/documents/82e9fa16-d961-42e9-8243-70230480f7bf/export (384ms)
2020-02-19 15:04:46 INFO  - com.blg.rest.impl.OTDSRestService [pool-6-thread-1] - Set-Cookie: XSRF-TOKEN=27693e39-5c6e-4de5-8831-e1bd41a26968; Path=/empower
2020-02-19 15:04:46 INFO  - com.blg.rest.impl.OTDSRestService [pool-6-thread-1] - Pragma: no-cache
2020-02-19 15:04:46 INFO  - com.blg.rest.impl.OTDSRestService [pool-6-thread-1] - Cache-Control: no-store,no-cache,must-revalidate,max-age=0,s-maxage=0,post-check=0,pre-check=0
2020-02-19 15:04:46 INFO  - com.blg.rest.impl.OTDSRestService [pool-6-thread-1] - Expires: 0
2020-02-19 15:04:46 INFO  - com.blg.rest.impl.OTDSRestService [pool-6-thread-1] - content-disposition: inline;filename=WelcomeLetter.mpw
2020-02-19 15:04:46 INFO  - com.blg.rest.impl.OTDSRestService [pool-6-thread-1] - Strict-Transport-Security: max-age=31536000 ; includeSubDomains
2020-02-19 15:04:46 INFO  - com.blg.rest.impl.OTDSRestService [pool-6-thread-1] - X-XSS-Protection: 1; mode=block
2020-02-19 15:04:46 INFO  - com.blg.rest.impl.OTDSRestService [pool-6-thread-1] - X-Frame-Options: DENY
2020-02-19 15:04:46 INFO  - com.blg.rest.impl.OTDSRestService [pool-6-thread-1] - Content-Type: application/octet-stream
2020-02-19 15:04:46 INFO  - com.blg.rest.impl.OTDSRestService [pool-6-thread-1] - Transfer-Encoding: chunked
2020-02-19 15:04:46 INFO  - com.blg.rest.impl.OTDSRestService [pool-6-thread-1] - Date: Wed, 19 Feb 2020 14:04:46 GMT
2020-02-19 15:04:46 INFO  - com.blg.rest.impl.OTDSRestService [pool-6-thread-1] - <-- END HTTP
2020-02-19 15:04:46 DEBUG - com.blg.rest.impl.OTDSRestService [pool-6-thread-1] - Skipping the retrieval of cookies from response
2020-02-19 15:04:46 DEBUG - com.blg.rest.impl.OTDSRestService [pool-6-thread-1] - Export Document 82e9fa16-d961-42e9-8243-70230480f7bf. Response is successful.
2020-02-19 15:04:46 INFO  - com.blg.config.ConfigurationManager [main] - Set lastExportMillis Filter using key :  lastExportKey 
2020-02-19 15:07:59 INFO  - com.blg.app.Application [main] - Initializing Application
2020-02-19 15:07:59 INFO  - com.blg.config.ConfigurationManager [main] - Configuration Instance is null, Initializing new one
2020-02-19 15:07:59 WARN  - com.blg.config.ConfigurationManager [main] - Environment Variable propertiesFile is not defined
2020-02-19 15:07:59 INFO  - com.blg.config.ConfigurationManager [main] - Configuration File :  config.properties
2020-02-19 15:07:59 INFO  - com.blg.config.ConfigurationManager [main] - Locating : config.properties
2020-02-19 15:07:59 DEBUG - com.blg.config.ConfigurationManager [main] - Configuration File :  config.properties exist
2020-02-19 15:07:59 INFO  - com.blg.config.ConfigurationManager [main] - Get Application ID using key :  ApplicationID 
2020-02-19 15:07:59 INFO  - com.blg.config.ConfigurationManager [main] - Get DB User using key :  DBUser 
2020-02-19 15:07:59 INFO  - com.blg.config.ConfigurationManager [main] - Get DB Password using key :  DBPassword 
2020-02-19 15:07:59 INFO  - com.blg.config.ConfigurationManager [main] - Get DB URL using key :  DBUrl 
2020-02-19 15:07:59 INFO  - com.blg.config.ConfigurationManager [main] - Get DB Schema using key :  DBSchema 
2020-02-19 15:07:59 DEBUG - com.blg.app.Application [main] - Schema : dbo
2020-02-19 15:07:59 INFO  - com.blg.config.ConfigurationManager [main] - Get DB Dialect using key :  DBDialect 
2020-02-19 15:07:59 INFO  - com.blg.app.Application [main] - DB Dialect : org.hibernate.dialect.SQLServer2012Dialect
2020-02-19 15:07:59 INFO  - com.blg.config.ConfigurationManager [main] - Get DB Driver using key :  DBDriver 
2020-02-19 15:07:59 INFO  - com.blg.app.Application [main] - DB Driver : com.microsoft.sqlserver.jdbc.SQLServerDriver
2020-02-19 15:07:59 INFO  - com.blg.config.ConfigurationManager [main] - Get Archive Directory using key :  ArchiveDirectory 
2020-02-19 15:07:59 INFO  - com.blg.app.Application [main] - Base Archive Directory : C:\temp\exstream\archive
2020-02-19 15:07:59 INFO  - com.blg.app.Application [main] - Actual Archive Directory : C:\temp\exstream\archive\20200219
2020-02-19 15:07:59 INFO  - com.blg.config.ConfigurationManager [main] - Get Error Directory using key :  ErrorDirectory 
2020-02-19 15:07:59 INFO  - com.blg.app.Application [main] - Base Error Directory : C:\temp\exstream\error
2020-02-19 15:07:59 INFO  - com.blg.app.Application [main] - Actual Error Directory : C:\temp\exstream\error\20200219
2020-02-19 15:07:59 INFO  - com.blg.config.ConfigurationManager [main] - Get Export Directory using key :  ExportDirectory 
2020-02-19 15:07:59 INFO  - com.blg.app.Application [main] - Base Export Directory : C:\temp\exstream\export
2020-02-19 15:07:59 INFO  - com.blg.config.ConfigurationManager [main] - Get Threads using key :  Threads 
2020-02-19 15:07:59 INFO  - com.blg.app.Application [main] - Threads : 8
2020-02-19 15:07:59 INFO  - com.blg.config.ConfigurationManager [main] - Get Watch Directory using key :  WatchDirectory 
2020-02-19 15:07:59 INFO  - com.blg.app.Application [main] - Watch Directory : C:\temp\exstream\out
2020-02-19 15:07:59 INFO  - com.blg.config.ConfigurationManager [main] - Get File Extension Filter using key :  FilesToWatch 
2020-02-19 15:07:59 INFO  - com.blg.config.ConfigurationManager [main] - Get lastExportMillis Filter using key :  lastExportKey 
2020-02-19 15:07:59 INFO  - com.blg.app.Application [main] - FileExtension Filter : .mpw
2020-02-19 15:07:59 INFO  - com.blg.app.Application [main] - Application Initialized
2020-02-19 15:07:59 INFO  - com.blg.app.ExportApplication [main] - Starting Export Application
2020-02-19 15:07:59 DEBUG - com.blg.app.ExportApplication [main] -  Export Iteration Number : 1
2020-02-19 15:08:05 INFO  - com.blg.app.Application [main] - Last Export Date : Wed Feb 19 15:04:44 CET 2020
2020-02-19 15:08:05 INFO  - com.blg.app.ExportApplication [main] - Number of docs to Export : 1
2020-02-19 15:08:05 DEBUG - com.blg.app.exporter.task.ExporterTask [pool-3-thread-1] - Export 82e9fa16-d961-42e9-8243-70230480f7bf to C:\temp\exstream\export\WelcomeLetter_Mujahid.mpw
2020-02-19 15:08:05 DEBUG - com.blg.app.exporter.task.ExporterTask [pool-3-thread-1] - Refreshing authToken
2020-02-19 15:08:05 INFO  - com.blg.config.ConfigurationManager [pool-3-thread-1] - Get Empower User using key :  EmpowerUser 
2020-02-19 15:08:05 INFO  - com.blg.config.ConfigurationManager [pool-3-thread-1] - Get Empower User's Password using key :  EmpowerUserPassword 
2020-02-19 15:08:05 INFO  - com.blg.config.ConfigurationManager [pool-3-thread-1] - Get OTDS BASE_URL using key :  OtdsBaseURL 
2020-02-19 15:08:05 INFO  - com.blg.config.ConfigurationManager [pool-3-thread-1] - Get Interceptor Log Level using key :  RestLogLevel 
2020-02-19 15:08:05 INFO  - com.blg.rest.impl.OTDSRestService [pool-3-thread-1] - Authenticating tenantadmin 
2020-02-19 15:08:05 INFO  - com.blg.config.ConfigurationManager [pool-3-thread-1] - Get Client ID using key :  ClientID 
2020-02-19 15:08:05 INFO  - com.blg.config.ConfigurationManager [pool-3-thread-1] - Get Client Secret using key :  ClientSecret 
2020-02-19 15:08:05 INFO  - com.blg.config.ConfigurationManager [pool-3-thread-1] - Get Grant Type using key :  GrantType 
2020-02-19 15:08:06 INFO  - com.blg.rest.impl.OTDSRestService [pool-3-thread-1] - --> POST https://win-j5e1tgie6dq:8443/otdstenant/strstenant/otdsws/login
2020-02-19 15:08:06 INFO  - com.blg.rest.impl.OTDSRestService [pool-3-thread-1] - Content-Type: application/x-www-form-urlencoded
2020-02-19 15:08:06 INFO  - com.blg.rest.impl.OTDSRestService [pool-3-thread-1] - Content-Length: 125
2020-02-19 15:08:06 INFO  - com.blg.rest.impl.OTDSRestService [pool-3-thread-1] - Accept: application/json
2020-02-19 15:08:06 INFO  - com.blg.rest.impl.OTDSRestService [pool-3-thread-1] - --> END POST
2020-02-19 15:08:07 INFO  - com.blg.rest.impl.OTDSRestService [pool-3-thread-1] - <-- 200 https://win-j5e1tgie6dq:8443/otdstenant/strstenant/otdsws/login (1508ms)
2020-02-19 15:08:07 INFO  - com.blg.rest.impl.OTDSRestService [pool-3-thread-1] - Cache-Control: no-cache, no-store
2020-02-19 15:08:07 INFO  - com.blg.rest.impl.OTDSRestService [pool-3-thread-1] - Content-Type: application/json
2020-02-19 15:08:07 INFO  - com.blg.rest.impl.OTDSRestService [pool-3-thread-1] - Transfer-Encoding: chunked
2020-02-19 15:08:07 INFO  - com.blg.rest.impl.OTDSRestService [pool-3-thread-1] - Date: Wed, 19 Feb 2020 14:08:07 GMT
2020-02-19 15:08:07 INFO  - com.blg.rest.impl.OTDSRestService [pool-3-thread-1] - <-- END HTTP
2020-02-19 15:08:07 DEBUG - com.blg.rest.impl.OTDSRestService [pool-3-thread-1] - Authenticating tenantadmin. Response is successful.
2020-02-19 15:08:07 DEBUG - com.blg.rest.impl.OTDSRestService [pool-3-thread-1] - Authenticating tenantadmin. Token Received : eyJraWQiOiJkMDkyOGFhOTA2MzQyNTYxMDk4NjU4NWJkOWEyMzZkNjQyOTZhYjk2IiwidHlwIjoiSldUIiwiYWxnIjoiUlMyNTYifQ.eyJzdWIiOiI4NGZjYmEzNi00M2M0LTRjYjgtOWFiMy1jYWEyMzg0NmQzNjciLCJzY3AiOltdLCJkbXAiOnsiT1REU19DUkVEU19BVVRIIjoidHJ1ZSIsIk9URFNfSEFTX1BBU1NXT1JEIjoiZmFsc2UifSwicnRpIjoiNDZlZDkzNzgtODkxOS00NDljLWJlYjAtMWMyNmQ2NDc5MTE5Iiwic2F0IjoxNTgyMTIxMjg2LCJpc3MiOiJodHRwczovL3dpbi1qNWUxdGdpZTZkcTo4NDQzL290ZHN0ZW5hbnQvc3Ryc3RlbmFudC9vdGRzd3MiLCJncnQiOiJwYXNzd29yZCIsInR5cCI6ImFjY2Vzc190b2tlbiIsInBpZCI6InN0cnMucm9sZSIsInJpZCI6e30sInNpZCI6ImQwMmFhNDVhLTA1MDctNDNiOS04MjFmLWU1ODhhMDk0ZWI4YiIsInVpZCI6InRlbmFudGFkbWluQHN0cnMucm9sZSIsInVubSI6InRlbmFudGFkbWluIiwibmFtZSI6IiIsImV4cCI6MTU4MjEyNDg4NywiaWF0IjoxNTgyMTIxMjg3LCJqdGkiOiJiMzg0NDAyYi1iNWQyLTRiZjYtOTk5Ni0wYzkxYjVjYzdjZGYiLCJjaWQiOiJFbXBvd2VyIn0.ZgU9yay-Akx0qBsnd63GjPnewXd5ybAd2IlpffpgSgShET-Yru4m1LEhVzcEUkzqIvV6_LZ_cWmisr6vGhOVZg4c0a0mH9yApSF-6oHhvy5_dZtuLOcJpgozOtXQb9BW3hnsGe2i9EQviIN3yuXeP5YMadpq1PDVd4iquHF888bnbvL4fcuEMopCH5iiPH1RyXCUQpWgbfwMAzeAMtBwLc1tdilUs_0hvtfiW9UYQV54VwPwU3Iu6dVmctTeUucaBvJZ1aGFJ5Y4rDURM3JWktKVDtrkWwOHKhGrl9TviLwKUStTeHJXM8ItDkyxh2JWkL0T_9xSs5xvPMAIDnBM3A
2020-02-19 15:08:07 INFO  - com.blg.config.ConfigurationManager [pool-3-thread-1] - Get Empower BASE_URL using key :  EmpowerBaseURL 
2020-02-19 15:08:07 INFO  - com.blg.config.ConfigurationManager [pool-3-thread-1] - Get Interceptor Log Level using key :  RestLogLevel 
2020-02-19 15:08:07 INFO  - com.blg.rest.impl.OTDSRestService [pool-3-thread-1] - Get CSRF Token called
2020-02-19 15:08:07 INFO  - com.blg.rest.impl.OTDSRestService [pool-3-thread-1] - --> GET https://win-j5e1tgie6dq:8444/empower/resource/GetToken
2020-02-19 15:08:07 INFO  - com.blg.rest.impl.OTDSRestService [pool-3-thread-1] - Accept: application/json
2020-02-19 15:08:07 INFO  - com.blg.rest.impl.OTDSRestService [pool-3-thread-1] - Authorization: Bearer eyJraWQiOiJkMDkyOGFhOTA2MzQyNTYxMDk4NjU4NWJkOWEyMzZkNjQyOTZhYjk2IiwidHlwIjoiSldUIiwiYWxnIjoiUlMyNTYifQ.eyJzdWIiOiI4NGZjYmEzNi00M2M0LTRjYjgtOWFiMy1jYWEyMzg0NmQzNjciLCJzY3AiOltdLCJkbXAiOnsiT1REU19DUkVEU19BVVRIIjoidHJ1ZSIsIk9URFNfSEFTX1BBU1NXT1JEIjoiZmFsc2UifSwicnRpIjoiNDZlZDkzNzgtODkxOS00NDljLWJlYjAtMWMyNmQ2NDc5MTE5Iiwic2F0IjoxNTgyMTIxMjg2LCJpc3MiOiJodHRwczovL3dpbi1qNWUxdGdpZTZkcTo4NDQzL290ZHN0ZW5hbnQvc3Ryc3RlbmFudC9vdGRzd3MiLCJncnQiOiJwYXNzd29yZCIsInR5cCI6ImFjY2Vzc190b2tlbiIsInBpZCI6InN0cnMucm9sZSIsInJpZCI6e30sInNpZCI6ImQwMmFhNDVhLTA1MDctNDNiOS04MjFmLWU1ODhhMDk0ZWI4YiIsInVpZCI6InRlbmFudGFkbWluQHN0cnMucm9sZSIsInVubSI6InRlbmFudGFkbWluIiwibmFtZSI6IiIsImV4cCI6MTU4MjEyNDg4NywiaWF0IjoxNTgyMTIxMjg3LCJqdGkiOiJiMzg0NDAyYi1iNWQyLTRiZjYtOTk5Ni0wYzkxYjVjYzdjZGYiLCJjaWQiOiJFbXBvd2VyIn0.ZgU9yay-Akx0qBsnd63GjPnewXd5ybAd2IlpffpgSgShET-Yru4m1LEhVzcEUkzqIvV6_LZ_cWmisr6vGhOVZg4c0a0mH9yApSF-6oHhvy5_dZtuLOcJpgozOtXQb9BW3hnsGe2i9EQviIN3yuXeP5YMadpq1PDVd4iquHF888bnbvL4fcuEMopCH5iiPH1RyXCUQpWgbfwMAzeAMtBwLc1tdilUs_0hvtfiW9UYQV54VwPwU3Iu6dVmctTeUucaBvJZ1aGFJ5Y4rDURM3JWktKVDtrkWwOHKhGrl9TviLwKUStTeHJXM8ItDkyxh2JWkL0T_9xSs5xvPMAIDnBM3A
2020-02-19 15:08:07 INFO  - com.blg.rest.impl.OTDSRestService [pool-3-thread-1] - --> END GET
2020-02-19 15:08:08 INFO  - com.blg.rest.impl.OTDSRestService [pool-3-thread-1] - <-- 200 https://win-j5e1tgie6dq:8444/empower/resource/GetToken (559ms)
2020-02-19 15:08:08 INFO  - com.blg.rest.impl.OTDSRestService [pool-3-thread-1] - Set-Cookie: JSESSIONID=E13D05DD4438C74B952004EAB4481BD1; Path=/empower; Secure; HttpOnly
2020-02-19 15:08:08 INFO  - com.blg.rest.impl.OTDSRestService [pool-3-thread-1] - Set-Cookie: XSRF-TOKEN=6f5e3fcf-8f0e-47e6-882a-292bf8b21d35; Path=/empower
2020-02-19 15:08:08 INFO  - com.blg.rest.impl.OTDSRestService [pool-3-thread-1] - Pragma: no-cache
2020-02-19 15:08:08 INFO  - com.blg.rest.impl.OTDSRestService [pool-3-thread-1] - Cache-Control: no-store,no-cache,must-revalidate,max-age=0,s-maxage=0,post-check=0,pre-check=0
2020-02-19 15:08:08 INFO  - com.blg.rest.impl.OTDSRestService [pool-3-thread-1] - Expires: 0
2020-02-19 15:08:08 INFO  - com.blg.rest.impl.OTDSRestService [pool-3-thread-1] - Strict-Transport-Security: max-age=31536000 ; includeSubDomains
2020-02-19 15:08:08 INFO  - com.blg.rest.impl.OTDSRestService [pool-3-thread-1] - X-XSS-Protection: 1; mode=block
2020-02-19 15:08:08 INFO  - com.blg.rest.impl.OTDSRestService [pool-3-thread-1] - X-Frame-Options: DENY
2020-02-19 15:08:08 INFO  - com.blg.rest.impl.OTDSRestService [pool-3-thread-1] - Content-Type: application/json
2020-02-19 15:08:08 INFO  - com.blg.rest.impl.OTDSRestService [pool-3-thread-1] - Content-Length: 179
2020-02-19 15:08:08 INFO  - com.blg.rest.impl.OTDSRestService [pool-3-thread-1] - Date: Wed, 19 Feb 2020 14:08:07 GMT
2020-02-19 15:08:08 INFO  - com.blg.rest.impl.OTDSRestService [pool-3-thread-1] - <-- END HTTP
2020-02-19 15:08:08 DEBUG - com.blg.rest.impl.OTDSRestService [pool-3-thread-1] - Get CSRF Token. Response is successful.
2020-02-19 15:08:08 DEBUG - com.blg.rest.impl.OTDSRestService [pool-3-thread-1] - Get CSRF Token. Token Received from server
2020-02-19 15:08:08 INFO  - com.blg.rest.impl.OTDSRestService [pool-3-thread-1] - Export file::  DocID : 82e9fa16-d961-42e9-8243-70230480f7bf, preserveDoc : true
2020-02-19 15:08:08 INFO  - com.blg.rest.impl.OTDSRestService [pool-3-thread-1] - --> POST https://win-j5e1tgie6dq:8444/empower/resource/documents/82e9fa16-d961-42e9-8243-70230480f7bf/export
2020-02-19 15:08:08 INFO  - com.blg.rest.impl.OTDSRestService [pool-3-thread-1] - Content-Type: application/x-www-form-urlencoded
2020-02-19 15:08:08 INFO  - com.blg.rest.impl.OTDSRestService [pool-3-thread-1] - Content-Length: 16
2020-02-19 15:08:08 INFO  - com.blg.rest.impl.OTDSRestService [pool-3-thread-1] - X-CSRF-TOKEN: 6f5e3fcf-8f0e-47e6-882a-292bf8b21d35
2020-02-19 15:08:08 INFO  - com.blg.rest.impl.OTDSRestService [pool-3-thread-1] - Cookie: XSRF-TOKEN=6f5e3fcf-8f0e-47e6-882a-292bf8b21d35; Path=/empower
2020-02-19 15:08:08 INFO  - com.blg.rest.impl.OTDSRestService [pool-3-thread-1] - Cookie: JSESSIONID=E13D05DD4438C74B952004EAB4481BD1; Path=/empower; Secure; HttpOnly
2020-02-19 15:08:08 INFO  - com.blg.rest.impl.OTDSRestService [pool-3-thread-1] - --> END POST
2020-02-19 15:08:08 INFO  - com.blg.rest.impl.OTDSRestService [pool-3-thread-1] - <-- 200 https://win-j5e1tgie6dq:8444/empower/resource/documents/82e9fa16-d961-42e9-8243-70230480f7bf/export (179ms)
2020-02-19 15:08:08 INFO  - com.blg.rest.impl.OTDSRestService [pool-3-thread-1] - Set-Cookie: XSRF-TOKEN=6f5e3fcf-8f0e-47e6-882a-292bf8b21d35; Path=/empower
2020-02-19 15:08:08 INFO  - com.blg.rest.impl.OTDSRestService [pool-3-thread-1] - Pragma: no-cache
2020-02-19 15:08:08 INFO  - com.blg.rest.impl.OTDSRestService [pool-3-thread-1] - Cache-Control: no-store,no-cache,must-revalidate,max-age=0,s-maxage=0,post-check=0,pre-check=0
2020-02-19 15:08:08 INFO  - com.blg.rest.impl.OTDSRestService [pool-3-thread-1] - Expires: 0
2020-02-19 15:08:08 INFO  - com.blg.rest.impl.OTDSRestService [pool-3-thread-1] - content-disposition: inline;filename=WelcomeLetter.mpw
2020-02-19 15:08:08 INFO  - com.blg.rest.impl.OTDSRestService [pool-3-thread-1] - Strict-Transport-Security: max-age=31536000 ; includeSubDomains
2020-02-19 15:08:08 INFO  - com.blg.rest.impl.OTDSRestService [pool-3-thread-1] - X-XSS-Protection: 1; mode=block
2020-02-19 15:08:08 INFO  - com.blg.rest.impl.OTDSRestService [pool-3-thread-1] - X-Frame-Options: DENY
2020-02-19 15:08:08 INFO  - com.blg.rest.impl.OTDSRestService [pool-3-thread-1] - Content-Type: application/octet-stream
2020-02-19 15:08:08 INFO  - com.blg.rest.impl.OTDSRestService [pool-3-thread-1] - Transfer-Encoding: chunked
2020-02-19 15:08:08 INFO  - com.blg.rest.impl.OTDSRestService [pool-3-thread-1] - Date: Wed, 19 Feb 2020 14:08:07 GMT
2020-02-19 15:08:08 INFO  - com.blg.rest.impl.OTDSRestService [pool-3-thread-1] - <-- END HTTP
2020-02-19 15:08:08 DEBUG - com.blg.rest.impl.OTDSRestService [pool-3-thread-1] - Skipping the retrieval of cookies from response
2020-02-19 15:08:08 DEBUG - com.blg.rest.impl.OTDSRestService [pool-3-thread-1] - Export Document 82e9fa16-d961-42e9-8243-70230480f7bf. Response is successful.
2020-02-19 15:08:08 INFO  - com.blg.config.ConfigurationManager [main] - Set lastExportMillis Filter using key :  lastExportKey 
2020-02-19 15:08:08 INFO  - com.blg.config.ConfigurationManager [main] - Get lastExportMillis Filter using key :  lastExportKey 
2020-02-19 15:08:38 DEBUG - com.blg.app.ExportApplication [main] -  Export Iteration Number : 2
2020-02-19 15:08:38 INFO  - com.blg.app.Application [main] - Last Export Date : Wed Feb 19 15:07:59 CET 2020
2020-02-19 15:08:38 INFO  - com.blg.app.ExportApplication [main] - Number of docs to Export : 0
2020-02-19 15:08:38 INFO  - com.blg.config.ConfigurationManager [main] - Set lastExportMillis Filter using key :  lastExportKey 
2020-02-19 15:08:38 INFO  - com.blg.config.ConfigurationManager [main] - Get lastExportMillis Filter using key :  lastExportKey 
